[2019-04-17 07:23:32] local.ERROR: Too many arguments, expected arguments "command". {"exception":"[object] (Symfony\\Component\\Console\\Exception\\RuntimeException(code: 0): Too many arguments, expected arguments \"command\". at C:\\Users\\Firo\\Documents\\GitHub\\trainning-laravel\\gr1\\vendor\\symfony\\console\\Input\\ArgvInput.php:183)
[stacktrace]
#0 C:\\Users\\Firo\\Documents\\GitHub\\trainning-laravel\\gr1\\vendor\\symfony\\console\\Input\\ArgvInput.php(86): Symfony\\Component\\Console\\Input\\ArgvInput->parseArgument('jpcompany')
#1 C:\\Users\\Firo\\Documents\\GitHub\\trainning-laravel\\gr1\\vendor\\symfony\\console\\Input\\Input.php(55): Symfony\\Component\\Console\\Input\\ArgvInput->parse()
#2 C:\\Users\\Firo\\Documents\\GitHub\\trainning-laravel\\gr1\\vendor\\symfony\\console\\Command\\Command.php(214): Symfony\\Component\\Console\\Input\\Input->bind(Object(Symfony\\Component\\Console\\Input\\InputDefinition))
#3 C:\\Users\\Firo\\Documents\\GitHub\\trainning-laravel\\gr1\\vendor\\laravel\\framework\\src\\Illuminate\\Console\\Command.php(170): Symfony\\Component\\Console\\Command\\Command->run(Object(Symfony\\Component\\Console\\Input\\ArgvInput), Object(Illuminate\\Console\\OutputStyle))
#4 C:\\Users\\Firo\\Documents\\GitHub\\trainning-laravel\\gr1\\vendor\\symfony\\console\\Application.php(908): Illuminate\\Console\\Command->run(Object(Symfony\\Component\\Console\\Input\\ArgvInput), Object(Symfony\\Component\\Console\\Output\\ConsoleOutput))
#5 C:\\Users\\Firo\\Documents\\GitHub\\trainning-laravel\\gr1\\vendor\\symfony\\console\\Application.php(269): Symfony\\Component\\Console\\Application->doRunCommand(Object(Illuminate\\Database\\Console\\Migrations\\MigrateCommand), Object(Symfony\\Component\\Console\\Input\\ArgvInput), Object(Symfony\\Component\\Console\\Output\\ConsoleOutput))
#6 C:\\Users\\Firo\\Documents\\GitHub\\trainning-laravel\\gr1\\vendor\\symfony\\console\\Application.php(145): Symfony\\Component\\Console\\Application->doRun(Object(Symfony\\Component\\Console\\Input\\ArgvInput), Object(Symfony\\Component\\Console\\Output\\ConsoleOutput))
#7 C:\\Users\\Firo\\Documents\\GitHub\\trainning-laravel\\gr1\\vendor\\laravel\\framework\\src\\Illuminate\\Console\\Application.php(90): Symfony\\Component\\Console\\Application->run(Object(Symfony\\Component\\Console\\Input\\ArgvInput), Object(Symfony\\Component\\Console\\Output\\ConsoleOutput))
#8 C:\\Users\\Firo\\Documents\\GitHub\\trainning-laravel\\gr1\\vendor\\laravel\\framework\\src\\Illuminate\\Foundation\\Console\\Kernel.php(122): Illuminate\\Console\\Application->run(Object(Symfony\\Component\\Console\\Input\\ArgvInput), Object(Symfony\\Component\\Console\\Output\\ConsoleOutput))
#9 C:\\Users\\Firo\\Documents\\GitHub\\trainning-laravel\\gr1\\artisan(37): Illuminate\\Foundation\\Console\\Kernel->handle(Object(Symfony\\Component\\Console\\Input\\ArgvInput), Object(Symfony\\Component\\Console\\Output\\ConsoleOutput))
#10 {main}
"} 
[2019-04-17 09:35:54] local.ERROR: SQLSTATE[42000]: Syntax error or access violation: 1071 Specified key was too long; max key length is 767 bytes (SQL: alter table `users` add unique `users_email_unique`(`email`)) {"exception":"[object] (Illuminate\\Database\\QueryException(code: 42000): SQLSTATE[42000]: Syntax error or access violation: 1071 Specified key was too long; max key length is 767 bytes (SQL: alter table `users` add unique `users_email_unique`(`email`)) at C:\\Users\\Firo\\Documents\\GitHub\\trainning-laravel\\gr1\\vendor\\laravel\\framework\\src\\Illuminate\\Database\\Connection.php:664, PDOException(code: 42000): SQLSTATE[42000]: Syntax error or access violation: 1071 Specified key was too long; max key length is 767 bytes at C:\\Users\\Firo\\Documents\\GitHub\\trainning-laravel\\gr1\\vendor\\laravel\\framework\\src\\Illuminate\\Database\\Connection.php:458)
[stacktrace]
#0 C:\\Users\\Firo\\Documents\\GitHub\\trainning-laravel\\gr1\\vendor\\laravel\\framework\\src\\Illuminate\\Database\\Connection.php(624): Illuminate\\Database\\Connection->runQueryCallback('alter table `us...', Array, Object(Closure))
#1 C:\\Users\\Firo\\Documents\\GitHub\\trainning-laravel\\gr1\\vendor\\laravel\\framework\\src\\Illuminate\\Database\\Connection.php(459): Illuminate\\Database\\Connection->run('alter table `us...', Array, Object(Closure))
#2 C:\\Users\\Firo\\Documents\\GitHub\\trainning-laravel\\gr1\\vendor\\laravel\\framework\\src\\Illuminate\\Database\\Schema\\Blueprint.php(97): Illuminate\\Database\\Connection->statement('alter table `us...')
#3 C:\\Users\\Firo\\Documents\\GitHub\\trainning-laravel\\gr1\\vendor\\laravel\\framework\\src\\Illuminate\\Database\\Schema\\Builder.php(264): Illuminate\\Database\\Schema\\Blueprint->build(Object(Illuminate\\Database\\MySqlConnection), Object(Illuminate\\Database\\Schema\\Grammars\\MySqlGrammar))
#4 C:\\Users\\Firo\\Documents\\GitHub\\trainning-laravel\\gr1\\vendor\\laravel\\framework\\src\\Illuminate\\Database\\Schema\\Builder.php(165): Illuminate\\Database\\Schema\\Builder->build(Object(Illuminate\\Database\\Schema\\Blueprint))
#5 C:\\Users\\Firo\\Documents\\GitHub\\trainning-laravel\\gr1\\vendor\\laravel\\framework\\src\\Illuminate\\Support\\Facades\\Facade.php(237): Illuminate\\Database\\Schema\\Builder->create('users', Object(Closure))
#6 C:\\Users\\Firo\\Documents\\GitHub\\trainning-laravel\\gr1\\database\\migrations\\2014_10_12_000000_create_users_table.php(24): Illuminate\\Support\\Facades\\Facade::__callStatic('create', Array)
#7 C:\\Users\\Firo\\Documents\\GitHub\\trainning-laravel\\gr1\\vendor\\laravel\\framework\\src\\Illuminate\\Database\\Migrations\\Migrator.php(360): CreateUsersTable->up()
#8 C:\\Users\\Firo\\Documents\\GitHub\\trainning-laravel\\gr1\\vendor\\laravel\\framework\\src\\Illuminate\\Database\\Migrations\\Migrator.php(367): Illuminate\\Database\\Migrations\\Migrator->Illuminate\\Database\\Migrations\\{closure}()
#9 C:\\Users\\Firo\\Documents\\GitHub\\trainning-laravel\\gr1\\vendor\\laravel\\framework\\src\\Illuminate\\Database\\Migrations\\Migrator.php(178): Illuminate\\Database\\Migrations\\Migrator->runMigration(Object(CreateUsersTable), 'up')
#10 C:\\Users\\Firo\\Documents\\GitHub\\trainning-laravel\\gr1\\vendor\\laravel\\framework\\src\\Illuminate\\Database\\Migrations\\Migrator.php(147): Illuminate\\Database\\Migrations\\Migrator->runUp('C:\\\\Users\\\\Firo\\\\D...', 1, false)
#11 C:\\Users\\Firo\\Documents\\GitHub\\trainning-laravel\\gr1\\vendor\\laravel\\framework\\src\\Illuminate\\Database\\Migrations\\Migrator.php(96): Illuminate\\Database\\Migrations\\Migrator->runPending(Array, Array)
#12 C:\\Users\\Firo\\Documents\\GitHub\\trainning-laravel\\gr1\\vendor\\laravel\\framework\\src\\Illuminate\\Database\\Console\\Migrations\\MigrateCommand.php(71): Illuminate\\Database\\Migrations\\Migrator->run(Array, Array)
#13 [internal function]: Illuminate\\Database\\Console\\Migrations\\MigrateCommand->handle()
#14 C:\\Users\\Firo\\Documents\\GitHub\\trainning-laravel\\gr1\\vendor\\laravel\\framework\\src\\Illuminate\\Container\\BoundMethod.php(32): call_user_func_array(Array, Array)
#15 C:\\Users\\Firo\\Documents\\GitHub\\trainning-laravel\\gr1\\vendor\\laravel\\framework\\src\\Illuminate\\Container\\BoundMethod.php(90): Illuminate\\Container\\BoundMethod::Illuminate\\Container\\{closure}()
#16 C:\\Users\\Firo\\Documents\\GitHub\\trainning-laravel\\gr1\\vendor\\laravel\\framework\\src\\Illuminate\\Container\\BoundMethod.php(34): Illuminate\\Container\\BoundMethod::callBoundMethod(Object(Illuminate\\Foundation\\Application), Array, Object(Closure))
#17 C:\\Users\\Firo\\Documents\\GitHub\\trainning-laravel\\gr1\\vendor\\laravel\\framework\\src\\Illuminate\\Container\\Container.php(580): Illuminate\\Container\\BoundMethod::call(Object(Illuminate\\Foundation\\Application), Array, Array, NULL)
#18 C:\\Users\\Firo\\Documents\\GitHub\\trainning-laravel\\gr1\\vendor\\laravel\\framework\\src\\Illuminate\\Console\\Command.php(183): Illuminate\\Container\\Container->call(Array)
#19 C:\\Users\\Firo\\Documents\\GitHub\\trainning-laravel\\gr1\\vendor\\symfony\\console\\Command\\Command.php(255): Illuminate\\Console\\Command->execute(Object(Symfony\\Component\\Console\\Input\\ArgvInput), Object(Illuminate\\Console\\OutputStyle))
#20 C:\\Users\\Firo\\Documents\\GitHub\\trainning-laravel\\gr1\\vendor\\laravel\\framework\\src\\Illuminate\\Console\\Command.php(170): Symfony\\Component\\Console\\Command\\Command->run(Object(Symfony\\Component\\Console\\Input\\ArgvInput), Object(Illuminate\\Console\\OutputStyle))
#21 C:\\Users\\Firo\\Documents\\GitHub\\trainning-laravel\\gr1\\vendor\\symfony\\console\\Application.php(908): Illuminate\\Console\\Command->run(Object(Symfony\\Component\\Console\\Input\\ArgvInput), Object(Symfony\\Component\\Console\\Output\\ConsoleOutput))
#22 C:\\Users\\Firo\\Documents\\GitHub\\trainning-laravel\\gr1\\vendor\\symfony\\console\\Application.php(269): Symfony\\Component\\Console\\Application->doRunCommand(Object(Illuminate\\Database\\Console\\Migrations\\MigrateCommand), Object(Symfony\\Component\\Console\\Input\\ArgvInput), Object(Symfony\\Component\\Console\\Output\\ConsoleOutput))
#23 C:\\Users\\Firo\\Documents\\GitHub\\trainning-laravel\\gr1\\vendor\\symfony\\console\\Application.php(145): Symfony\\Component\\Console\\Application->doRun(Object(Symfony\\Component\\Console\\Input\\ArgvInput), Object(Symfony\\Component\\Console\\Output\\ConsoleOutput))
#24 C:\\Users\\Firo\\Documents\\GitHub\\trainning-laravel\\gr1\\vendor\\laravel\\framework\\src\\Illuminate\\Console\\Application.php(90): Symfony\\Component\\Console\\Application->run(Object(Symfony\\Component\\Console\\Input\\ArgvInput), Object(Symfony\\Component\\Console\\Output\\ConsoleOutput))
#25 C:\\Users\\Firo\\Documents\\GitHub\\trainning-laravel\\gr1\\vendor\\laravel\\framework\\src\\Illuminate\\Foundation\\Console\\Kernel.php(122): Illuminate\\Console\\Application->run(Object(Symfony\\Component\\Console\\Input\\ArgvInput), Object(Symfony\\Component\\Console\\Output\\ConsoleOutput))
#26 C:\\Users\\Firo\\Documents\\GitHub\\trainning-laravel\\gr1\\artisan(37): Illuminate\\Foundation\\Console\\Kernel->handle(Object(Symfony\\Component\\Console\\Input\\ArgvInput), Object(Symfony\\Component\\Console\\Output\\ConsoleOutput))
#27 {main}
"} 
[2019-04-17 09:39:04] local.ERROR: Use of undefined constant cd_id - assumed 'cd_id' (this will throw an Error in a future version of PHP) {"exception":"[object] (ErrorException(code: 0): Use of undefined constant cd_id - assumed 'cd_id' (this will throw an Error in a future version of PHP) at C:\\Users\\Firo\\Documents\\GitHub\\trainning-laravel\\gr1\\database\\migrations\\2019_04_10_100139_create_cdinfors_table.php:18)
[stacktrace]
#0 C:\\Users\\Firo\\Documents\\GitHub\\trainning-laravel\\gr1\\database\\migrations\\2019_04_10_100139_create_cdinfors_table.php(18): Illuminate\\Foundation\\Bootstrap\\HandleExceptions->handleError(2, 'Use of undefine...', 'C:\\\\Users\\\\Firo\\\\D...', 18, Array)
#1 C:\\Users\\Firo\\Documents\\GitHub\\trainning-laravel\\gr1\\vendor\\laravel\\framework\\src\\Illuminate\\Database\\Schema\\Builder.php(164): CreateCdinforsTable->{closure}(Object(Illuminate\\Database\\Schema\\Blueprint))
#2 C:\\Users\\Firo\\Documents\\GitHub\\trainning-laravel\\gr1\\vendor\\laravel\\framework\\src\\Illuminate\\Support\\helpers.php(1123): Illuminate\\Database\\Schema\\Builder->Illuminate\\Database\\Schema\\{closure}(Object(Illuminate\\Database\\Schema\\Blueprint))
#3 C:\\Users\\Firo\\Documents\\GitHub\\trainning-laravel\\gr1\\vendor\\laravel\\framework\\src\\Illuminate\\Database\\Schema\\Builder.php(165): tap(Object(Illuminate\\Database\\Schema\\Blueprint), Object(Closure))
#4 C:\\Users\\Firo\\Documents\\GitHub\\trainning-laravel\\gr1\\vendor\\laravel\\framework\\src\\Illuminate\\Support\\Facades\\Facade.php(237): Illuminate\\Database\\Schema\\Builder->create('cdinfors', Object(Closure))
#5 C:\\Users\\Firo\\Documents\\GitHub\\trainning-laravel\\gr1\\database\\migrations\\2019_04_10_100139_create_cdinfors_table.php(27): Illuminate\\Support\\Facades\\Facade::__callStatic('create', Array)
#6 C:\\Users\\Firo\\Documents\\GitHub\\trainning-laravel\\gr1\\vendor\\laravel\\framework\\src\\Illuminate\\Database\\Migrations\\Migrator.php(360): CreateCdinforsTable->up()
#7 C:\\Users\\Firo\\Documents\\GitHub\\trainning-laravel\\gr1\\vendor\\laravel\\framework\\src\\Illuminate\\Database\\Migrations\\Migrator.php(367): Illuminate\\Database\\Migrations\\Migrator->Illuminate\\Database\\Migrations\\{closure}()
#8 C:\\Users\\Firo\\Documents\\GitHub\\trainning-laravel\\gr1\\vendor\\laravel\\framework\\src\\Illuminate\\Database\\Migrations\\Migrator.php(178): Illuminate\\Database\\Migrations\\Migrator->runMigration(Object(CreateCdinforsTable), 'up')
#9 C:\\Users\\Firo\\Documents\\GitHub\\trainning-laravel\\gr1\\vendor\\laravel\\framework\\src\\Illuminate\\Database\\Migrations\\Migrator.php(147): Illuminate\\Database\\Migrations\\Migrator->runUp('C:\\\\Users\\\\Firo\\\\D...', 1, false)
#10 C:\\Users\\Firo\\Documents\\GitHub\\trainning-laravel\\gr1\\vendor\\laravel\\framework\\src\\Illuminate\\Database\\Migrations\\Migrator.php(96): Illuminate\\Database\\Migrations\\Migrator->runPending(Array, Array)
#11 C:\\Users\\Firo\\Documents\\GitHub\\trainning-laravel\\gr1\\vendor\\laravel\\framework\\src\\Illuminate\\Database\\Console\\Migrations\\MigrateCommand.php(71): Illuminate\\Database\\Migrations\\Migrator->run(Array, Array)
#12 [internal function]: Illuminate\\Database\\Console\\Migrations\\MigrateCommand->handle()
#13 C:\\Users\\Firo\\Documents\\GitHub\\trainning-laravel\\gr1\\vendor\\laravel\\framework\\src\\Illuminate\\Container\\BoundMethod.php(32): call_user_func_array(Array, Array)
#14 C:\\Users\\Firo\\Documents\\GitHub\\trainning-laravel\\gr1\\vendor\\laravel\\framework\\src\\Illuminate\\Container\\BoundMethod.php(90): Illuminate\\Container\\BoundMethod::Illuminate\\Container\\{closure}()
#15 C:\\Users\\Firo\\Documents\\GitHub\\trainning-laravel\\gr1\\vendor\\laravel\\framework\\src\\Illuminate\\Container\\BoundMethod.php(34): Illuminate\\Container\\BoundMethod::callBoundMethod(Object(Illuminate\\Foundation\\Application), Array, Object(Closure))
#16 C:\\Users\\Firo\\Documents\\GitHub\\trainning-laravel\\gr1\\vendor\\laravel\\framework\\src\\Illuminate\\Container\\Container.php(580): Illuminate\\Container\\BoundMethod::call(Object(Illuminate\\Foundation\\Application), Array, Array, NULL)
#17 C:\\Users\\Firo\\Documents\\GitHub\\trainning-laravel\\gr1\\vendor\\laravel\\framework\\src\\Illuminate\\Console\\Command.php(183): Illuminate\\Container\\Container->call(Array)
#18 C:\\Users\\Firo\\Documents\\GitHub\\trainning-laravel\\gr1\\vendor\\symfony\\console\\Command\\Command.php(255): Illuminate\\Console\\Command->execute(Object(Symfony\\Component\\Console\\Input\\ArgvInput), Object(Illuminate\\Console\\OutputStyle))
#19 C:\\Users\\Firo\\Documents\\GitHub\\trainning-laravel\\gr1\\vendor\\laravel\\framework\\src\\Illuminate\\Console\\Command.php(170): Symfony\\Component\\Console\\Command\\Command->run(Object(Symfony\\Component\\Console\\Input\\ArgvInput), Object(Illuminate\\Console\\OutputStyle))
#20 C:\\Users\\Firo\\Documents\\GitHub\\trainning-laravel\\gr1\\vendor\\symfony\\console\\Application.php(908): Illuminate\\Console\\Command->run(Object(Symfony\\Component\\Console\\Input\\ArgvInput), Object(Symfony\\Component\\Console\\Output\\ConsoleOutput))
#21 C:\\Users\\Firo\\Documents\\GitHub\\trainning-laravel\\gr1\\vendor\\symfony\\console\\Application.php(269): Symfony\\Component\\Console\\Application->doRunCommand(Object(Illuminate\\Database\\Console\\Migrations\\MigrateCommand), Object(Symfony\\Component\\Console\\Input\\ArgvInput), Object(Symfony\\Component\\Console\\Output\\ConsoleOutput))
#22 C:\\Users\\Firo\\Documents\\GitHub\\trainning-laravel\\gr1\\vendor\\symfony\\console\\Application.php(145): Symfony\\Component\\Console\\Application->doRun(Object(Symfony\\Component\\Console\\Input\\ArgvInput), Object(Symfony\\Component\\Console\\Output\\ConsoleOutput))
#23 C:\\Users\\Firo\\Documents\\GitHub\\trainning-laravel\\gr1\\vendor\\laravel\\framework\\src\\Illuminate\\Console\\Application.php(90): Symfony\\Component\\Console\\Application->run(Object(Symfony\\Component\\Console\\Input\\ArgvInput), Object(Symfony\\Component\\Console\\Output\\ConsoleOutput))
#24 C:\\Users\\Firo\\Documents\\GitHub\\trainning-laravel\\gr1\\vendor\\laravel\\framework\\src\\Illuminate\\Foundation\\Console\\Kernel.php(122): Illuminate\\Console\\Application->run(Object(Symfony\\Component\\Console\\Input\\ArgvInput), Object(Symfony\\Component\\Console\\Output\\ConsoleOutput))
#25 C:\\Users\\Firo\\Documents\\GitHub\\trainning-laravel\\gr1\\artisan(37): Illuminate\\Foundation\\Console\\Kernel->handle(Object(Symfony\\Component\\Console\\Input\\ArgvInput), Object(Symfony\\Component\\Console\\Output\\ConsoleOutput))
#26 {main}
"} 
[2019-04-17 09:42:29] local.ERROR: SQLSTATE[42000]: Syntax error or access violation: 1075 Incorrect table definition; there can be only one auto column and it must be defined as a key (SQL: create table `cdinfors` (`id` bigint unsigned not null auto_increment primary key, `cd_id` int unsigned not null auto_increment primary key, `usernameofcd` char(30) not null, `jlpt` char(20) not null, `name` char(50) not null, `phonenb` char(20) not null, `emailofcd` char(50) not null, `dateofbirth` date not null, `created_at` timestamp null, `updated_at` timestamp null, `deleted_at` timestamp null) default character set utf8mb4 collate 'utf8mb4_unicode_ci') {"exception":"[object] (Illuminate\\Database\\QueryException(code: 42000): SQLSTATE[42000]: Syntax error or access violation: 1075 Incorrect table definition; there can be only one auto column and it must be defined as a key (SQL: create table `cdinfors` (`id` bigint unsigned not null auto_increment primary key, `cd_id` int unsigned not null auto_increment primary key, `usernameofcd` char(30) not null, `jlpt` char(20) not null, `name` char(50) not null, `phonenb` char(20) not null, `emailofcd` char(50) not null, `dateofbirth` date not null, `created_at` timestamp null, `updated_at` timestamp null, `deleted_at` timestamp null) default character set utf8mb4 collate 'utf8mb4_unicode_ci') at C:\\Users\\Firo\\Documents\\GitHub\\trainning-laravel\\gr1\\vendor\\laravel\\framework\\src\\Illuminate\\Database\\Connection.php:664, PDOException(code: 42000): SQLSTATE[42000]: Syntax error or access violation: 1075 Incorrect table definition; there can be only one auto column and it must be defined as a key at C:\\Users\\Firo\\Documents\\GitHub\\trainning-laravel\\gr1\\vendor\\laravel\\framework\\src\\Illuminate\\Database\\Connection.php:458)
[stacktrace]
#0 C:\\Users\\Firo\\Documents\\GitHub\\trainning-laravel\\gr1\\vendor\\laravel\\framework\\src\\Illuminate\\Database\\Connection.php(624): Illuminate\\Database\\Connection->runQueryCallback('create table `c...', Array, Object(Closure))
#1 C:\\Users\\Firo\\Documents\\GitHub\\trainning-laravel\\gr1\\vendor\\laravel\\framework\\src\\Illuminate\\Database\\Connection.php(459): Illuminate\\Database\\Connection->run('create table `c...', Array, Object(Closure))
#2 C:\\Users\\Firo\\Documents\\GitHub\\trainning-laravel\\gr1\\vendor\\laravel\\framework\\src\\Illuminate\\Database\\Schema\\Blueprint.php(97): Illuminate\\Database\\Connection->statement('create table `c...')
#3 C:\\Users\\Firo\\Documents\\GitHub\\trainning-laravel\\gr1\\vendor\\laravel\\framework\\src\\Illuminate\\Database\\Schema\\Builder.php(264): Illuminate\\Database\\Schema\\Blueprint->build(Object(Illuminate\\Database\\MySqlConnection), Object(Illuminate\\Database\\Schema\\Grammars\\MySqlGrammar))
#4 C:\\Users\\Firo\\Documents\\GitHub\\trainning-laravel\\gr1\\vendor\\laravel\\framework\\src\\Illuminate\\Database\\Schema\\Builder.php(165): Illuminate\\Database\\Schema\\Builder->build(Object(Illuminate\\Database\\Schema\\Blueprint))
#5 C:\\Users\\Firo\\Documents\\GitHub\\trainning-laravel\\gr1\\vendor\\laravel\\framework\\src\\Illuminate\\Support\\Facades\\Facade.php(237): Illuminate\\Database\\Schema\\Builder->create('cdinfors', Object(Closure))
#6 C:\\Users\\Firo\\Documents\\GitHub\\trainning-laravel\\gr1\\database\\migrations\\2019_04_10_100139_create_cdinfors_table.php(27): Illuminate\\Support\\Facades\\Facade::__callStatic('create', Array)
#7 C:\\Users\\Firo\\Documents\\GitHub\\trainning-laravel\\gr1\\vendor\\laravel\\framework\\src\\Illuminate\\Database\\Migrations\\Migrator.php(360): CreateCdinforsTable->up()
#8 C:\\Users\\Firo\\Documents\\GitHub\\trainning-laravel\\gr1\\vendor\\laravel\\framework\\src\\Illuminate\\Database\\Migrations\\Migrator.php(367): Illuminate\\Database\\Migrations\\Migrator->Illuminate\\Database\\Migrations\\{closure}()
#9 C:\\Users\\Firo\\Documents\\GitHub\\trainning-laravel\\gr1\\vendor\\laravel\\framework\\src\\Illuminate\\Database\\Migrations\\Migrator.php(178): Illuminate\\Database\\Migrations\\Migrator->runMigration(Object(CreateCdinforsTable), 'up')
#10 C:\\Users\\Firo\\Documents\\GitHub\\trainning-laravel\\gr1\\vendor\\laravel\\framework\\src\\Illuminate\\Database\\Migrations\\Migrator.php(147): Illuminate\\Database\\Migrations\\Migrator->runUp('C:\\\\Users\\\\Firo\\\\D...', 1, false)
#11 C:\\Users\\Firo\\Documents\\GitHub\\trainning-laravel\\gr1\\vendor\\laravel\\framework\\src\\Illuminate\\Database\\Migrations\\Migrator.php(96): Illuminate\\Database\\Migrations\\Migrator->runPending(Array, Array)
#12 C:\\Users\\Firo\\Documents\\GitHub\\trainning-laravel\\gr1\\vendor\\laravel\\framework\\src\\Illuminate\\Database\\Console\\Migrations\\MigrateCommand.php(71): Illuminate\\Database\\Migrations\\Migrator->run(Array, Array)
#13 [internal function]: Illuminate\\Database\\Console\\Migrations\\MigrateCommand->handle()
#14 C:\\Users\\Firo\\Documents\\GitHub\\trainning-laravel\\gr1\\vendor\\laravel\\framework\\src\\Illuminate\\Container\\BoundMethod.php(32): call_user_func_array(Array, Array)
#15 C:\\Users\\Firo\\Documents\\GitHub\\trainning-laravel\\gr1\\vendor\\laravel\\framework\\src\\Illuminate\\Container\\BoundMethod.php(90): Illuminate\\Container\\BoundMethod::Illuminate\\Container\\{closure}()
#16 C:\\Users\\Firo\\Documents\\GitHub\\trainning-laravel\\gr1\\vendor\\laravel\\framework\\src\\Illuminate\\Container\\BoundMethod.php(34): Illuminate\\Container\\BoundMethod::callBoundMethod(Object(Illuminate\\Foundation\\Application), Array, Object(Closure))
#17 C:\\Users\\Firo\\Documents\\GitHub\\trainning-laravel\\gr1\\vendor\\laravel\\framework\\src\\Illuminate\\Container\\Container.php(580): Illuminate\\Container\\BoundMethod::call(Object(Illuminate\\Foundation\\Application), Array, Array, NULL)
#18 C:\\Users\\Firo\\Documents\\GitHub\\trainning-laravel\\gr1\\vendor\\laravel\\framework\\src\\Illuminate\\Console\\Command.php(183): Illuminate\\Container\\Container->call(Array)
#19 C:\\Users\\Firo\\Documents\\GitHub\\trainning-laravel\\gr1\\vendor\\symfony\\console\\Command\\Command.php(255): Illuminate\\Console\\Command->execute(Object(Symfony\\Component\\Console\\Input\\ArgvInput), Object(Illuminate\\Console\\OutputStyle))
#20 C:\\Users\\Firo\\Documents\\GitHub\\trainning-laravel\\gr1\\vendor\\laravel\\framework\\src\\Illuminate\\Console\\Command.php(170): Symfony\\Component\\Console\\Command\\Command->run(Object(Symfony\\Component\\Console\\Input\\ArgvInput), Object(Illuminate\\Console\\OutputStyle))
#21 C:\\Users\\Firo\\Documents\\GitHub\\trainning-laravel\\gr1\\vendor\\symfony\\console\\Application.php(908): Illuminate\\Console\\Command->run(Object(Symfony\\Component\\Console\\Input\\ArgvInput), Object(Symfony\\Component\\Console\\Output\\ConsoleOutput))
#22 C:\\Users\\Firo\\Documents\\GitHub\\trainning-laravel\\gr1\\vendor\\symfony\\console\\Application.php(269): Symfony\\Component\\Console\\Application->doRunCommand(Object(Illuminate\\Database\\Console\\Migrations\\MigrateCommand), Object(Symfony\\Component\\Console\\Input\\ArgvInput), Object(Symfony\\Component\\Console\\Output\\ConsoleOutput))
#23 C:\\Users\\Firo\\Documents\\GitHub\\trainning-laravel\\gr1\\vendor\\symfony\\console\\Application.php(145): Symfony\\Component\\Console\\Application->doRun(Object(Symfony\\Component\\Console\\Input\\ArgvInput), Object(Symfony\\Component\\Console\\Output\\ConsoleOutput))
#24 C:\\Users\\Firo\\Documents\\GitHub\\trainning-laravel\\gr1\\vendor\\laravel\\framework\\src\\Illuminate\\Console\\Application.php(90): Symfony\\Component\\Console\\Application->run(Object(Symfony\\Component\\Console\\Input\\ArgvInput), Object(Symfony\\Component\\Console\\Output\\ConsoleOutput))
#25 C:\\Users\\Firo\\Documents\\GitHub\\trainning-laravel\\gr1\\vendor\\laravel\\framework\\src\\Illuminate\\Foundation\\Console\\Kernel.php(122): Illuminate\\Console\\Application->run(Object(Symfony\\Component\\Console\\Input\\ArgvInput), Object(Symfony\\Component\\Console\\Output\\ConsoleOutput))
#26 C:\\Users\\Firo\\Documents\\GitHub\\trainning-laravel\\gr1\\artisan(37): Illuminate\\Foundation\\Console\\Kernel->handle(Object(Symfony\\Component\\Console\\Input\\ArgvInput), Object(Symfony\\Component\\Console\\Output\\ConsoleOutput))
#27 {main}
"} 
[2019-04-17 09:50:32] local.ERROR: SQLSTATE[HY000]: General error: 1005 Can't create table `projectgr1`.`#sql-10c4_39` (errno: 150 "Foreign key constraint is incorrectly formed") (SQL: alter table `jobs` add constraint `jobs_job_id_foreign` foreign key (`job_id`) references `jobfairs` (`jobid`)) {"exception":"[object] (Illuminate\\Database\\QueryException(code: HY000): SQLSTATE[HY000]: General error: 1005 Can't create table `projectgr1`.`#sql-10c4_39` (errno: 150 \"Foreign key constraint is incorrectly formed\") (SQL: alter table `jobs` add constraint `jobs_job_id_foreign` foreign key (`job_id`) references `jobfairs` (`jobid`)) at C:\\Users\\Firo\\Documents\\GitHub\\trainning-laravel\\gr1\\vendor\\laravel\\framework\\src\\Illuminate\\Database\\Connection.php:664, PDOException(code: HY000): SQLSTATE[HY000]: General error: 1005 Can't create table `projectgr1`.`#sql-10c4_39` (errno: 150 \"Foreign key constraint is incorrectly formed\") at C:\\Users\\Firo\\Documents\\GitHub\\trainning-laravel\\gr1\\vendor\\laravel\\framework\\src\\Illuminate\\Database\\Connection.php:458)
[stacktrace]
#0 C:\\Users\\Firo\\Documents\\GitHub\\trainning-laravel\\gr1\\vendor\\laravel\\framework\\src\\Illuminate\\Database\\Connection.php(624): Illuminate\\Database\\Connection->runQueryCallback('alter table `jo...', Array, Object(Closure))
#1 C:\\Users\\Firo\\Documents\\GitHub\\trainning-laravel\\gr1\\vendor\\laravel\\framework\\src\\Illuminate\\Database\\Connection.php(459): Illuminate\\Database\\Connection->run('alter table `jo...', Array, Object(Closure))
#2 C:\\Users\\Firo\\Documents\\GitHub\\trainning-laravel\\gr1\\vendor\\laravel\\framework\\src\\Illuminate\\Database\\Schema\\Blueprint.php(97): Illuminate\\Database\\Connection->statement('alter table `jo...')
#3 C:\\Users\\Firo\\Documents\\GitHub\\trainning-laravel\\gr1\\vendor\\laravel\\framework\\src\\Illuminate\\Database\\Schema\\Builder.php(264): Illuminate\\Database\\Schema\\Blueprint->build(Object(Illuminate\\Database\\MySqlConnection), Object(Illuminate\\Database\\Schema\\Grammars\\MySqlGrammar))
#4 C:\\Users\\Firo\\Documents\\GitHub\\trainning-laravel\\gr1\\vendor\\laravel\\framework\\src\\Illuminate\\Database\\Schema\\Builder.php(165): Illuminate\\Database\\Schema\\Builder->build(Object(Illuminate\\Database\\Schema\\Blueprint))
#5 C:\\Users\\Firo\\Documents\\GitHub\\trainning-laravel\\gr1\\vendor\\laravel\\framework\\src\\Illuminate\\Support\\Facades\\Facade.php(237): Illuminate\\Database\\Schema\\Builder->create('jobs', Object(Closure))
#6 C:\\Users\\Firo\\Documents\\GitHub\\trainning-laravel\\gr1\\database\\migrations\\2019_04_17_074108_create_jobs_table.php(35): Illuminate\\Support\\Facades\\Facade::__callStatic('create', Array)
#7 C:\\Users\\Firo\\Documents\\GitHub\\trainning-laravel\\gr1\\vendor\\laravel\\framework\\src\\Illuminate\\Database\\Migrations\\Migrator.php(360): CreateJobsTable->up()
#8 C:\\Users\\Firo\\Documents\\GitHub\\trainning-laravel\\gr1\\vendor\\laravel\\framework\\src\\Illuminate\\Database\\Migrations\\Migrator.php(367): Illuminate\\Database\\Migrations\\Migrator->Illuminate\\Database\\Migrations\\{closure}()
#9 C:\\Users\\Firo\\Documents\\GitHub\\trainning-laravel\\gr1\\vendor\\laravel\\framework\\src\\Illuminate\\Database\\Migrations\\Migrator.php(178): Illuminate\\Database\\Migrations\\Migrator->runMigration(Object(CreateJobsTable), 'up')
#10 C:\\Users\\Firo\\Documents\\GitHub\\trainning-laravel\\gr1\\vendor\\laravel\\framework\\src\\Illuminate\\Database\\Migrations\\Migrator.php(147): Illuminate\\Database\\Migrations\\Migrator->runUp('C:\\\\Users\\\\Firo\\\\D...', 1, false)
#11 C:\\Users\\Firo\\Documents\\GitHub\\trainning-laravel\\gr1\\vendor\\laravel\\framework\\src\\Illuminate\\Database\\Migrations\\Migrator.php(96): Illuminate\\Database\\Migrations\\Migrator->runPending(Array, Array)
#12 C:\\Users\\Firo\\Documents\\GitHub\\trainning-laravel\\gr1\\vendor\\laravel\\framework\\src\\Illuminate\\Database\\Console\\Migrations\\MigrateCommand.php(71): Illuminate\\Database\\Migrations\\Migrator->run(Array, Array)
#13 [internal function]: Illuminate\\Database\\Console\\Migrations\\MigrateCommand->handle()
#14 C:\\Users\\Firo\\Documents\\GitHub\\trainning-laravel\\gr1\\vendor\\laravel\\framework\\src\\Illuminate\\Container\\BoundMethod.php(32): call_user_func_array(Array, Array)
#15 C:\\Users\\Firo\\Documents\\GitHub\\trainning-laravel\\gr1\\vendor\\laravel\\framework\\src\\Illuminate\\Container\\BoundMethod.php(90): Illuminate\\Container\\BoundMethod::Illuminate\\Container\\{closure}()
#16 C:\\Users\\Firo\\Documents\\GitHub\\trainning-laravel\\gr1\\vendor\\laravel\\framework\\src\\Illuminate\\Container\\BoundMethod.php(34): Illuminate\\Container\\BoundMethod::callBoundMethod(Object(Illuminate\\Foundation\\Application), Array, Object(Closure))
#17 C:\\Users\\Firo\\Documents\\GitHub\\trainning-laravel\\gr1\\vendor\\laravel\\framework\\src\\Illuminate\\Container\\Container.php(580): Illuminate\\Container\\BoundMethod::call(Object(Illuminate\\Foundation\\Application), Array, Array, NULL)
#18 C:\\Users\\Firo\\Documents\\GitHub\\trainning-laravel\\gr1\\vendor\\laravel\\framework\\src\\Illuminate\\Console\\Command.php(183): Illuminate\\Container\\Container->call(Array)
#19 C:\\Users\\Firo\\Documents\\GitHub\\trainning-laravel\\gr1\\vendor\\symfony\\console\\Command\\Command.php(255): Illuminate\\Console\\Command->execute(Object(Symfony\\Component\\Console\\Input\\ArgvInput), Object(Illuminate\\Console\\OutputStyle))
#20 C:\\Users\\Firo\\Documents\\GitHub\\trainning-laravel\\gr1\\vendor\\laravel\\framework\\src\\Illuminate\\Console\\Command.php(170): Symfony\\Component\\Console\\Command\\Command->run(Object(Symfony\\Component\\Console\\Input\\ArgvInput), Object(Illuminate\\Console\\OutputStyle))
#21 C:\\Users\\Firo\\Documents\\GitHub\\trainning-laravel\\gr1\\vendor\\symfony\\console\\Application.php(908): Illuminate\\Console\\Command->run(Object(Symfony\\Component\\Console\\Input\\ArgvInput), Object(Symfony\\Component\\Console\\Output\\ConsoleOutput))
#22 C:\\Users\\Firo\\Documents\\GitHub\\trainning-laravel\\gr1\\vendor\\symfony\\console\\Application.php(269): Symfony\\Component\\Console\\Application->doRunCommand(Object(Illuminate\\Database\\Console\\Migrations\\MigrateCommand), Object(Symfony\\Component\\Console\\Input\\ArgvInput), Object(Symfony\\Component\\Console\\Output\\ConsoleOutput))
#23 C:\\Users\\Firo\\Documents\\GitHub\\trainning-laravel\\gr1\\vendor\\symfony\\console\\Application.php(145): Symfony\\Component\\Console\\Application->doRun(Object(Symfony\\Component\\Console\\Input\\ArgvInput), Object(Symfony\\Component\\Console\\Output\\ConsoleOutput))
#24 C:\\Users\\Firo\\Documents\\GitHub\\trainning-laravel\\gr1\\vendor\\laravel\\framework\\src\\Illuminate\\Console\\Application.php(90): Symfony\\Component\\Console\\Application->run(Object(Symfony\\Component\\Console\\Input\\ArgvInput), Object(Symfony\\Component\\Console\\Output\\ConsoleOutput))
#25 C:\\Users\\Firo\\Documents\\GitHub\\trainning-laravel\\gr1\\vendor\\laravel\\framework\\src\\Illuminate\\Foundation\\Console\\Kernel.php(122): Illuminate\\Console\\Application->run(Object(Symfony\\Component\\Console\\Input\\ArgvInput), Object(Symfony\\Component\\Console\\Output\\ConsoleOutput))
#26 C:\\Users\\Firo\\Documents\\GitHub\\trainning-laravel\\gr1\\artisan(37): Illuminate\\Foundation\\Console\\Kernel->handle(Object(Symfony\\Component\\Console\\Input\\ArgvInput), Object(Symfony\\Component\\Console\\Output\\ConsoleOutput))
#27 {main}
"} 
[2019-04-17 10:04:05] local.ERROR: SQLSTATE[23000]: Integrity constraint violation: 1451 Cannot delete or update a parent row: a foreign key constraint fails (SQL: drop table if exists `jpcompanies`) {"exception":"[object] (Illuminate\\Database\\QueryException(code: 23000): SQLSTATE[23000]: Integrity constraint violation: 1451 Cannot delete or update a parent row: a foreign key constraint fails (SQL: drop table if exists `jpcompanies`) at C:\\Users\\Firo\\Documents\\GitHub\\trainning-laravel\\gr1\\vendor\\laravel\\framework\\src\\Illuminate\\Database\\Connection.php:664, PDOException(code: 23000): SQLSTATE[23000]: Integrity constraint violation: 1451 Cannot delete or update a parent row: a foreign key constraint fails at C:\\Users\\Firo\\Documents\\GitHub\\trainning-laravel\\gr1\\vendor\\laravel\\framework\\src\\Illuminate\\Database\\Connection.php:458)
[stacktrace]
#0 C:\\Users\\Firo\\Documents\\GitHub\\trainning-laravel\\gr1\\vendor\\laravel\\framework\\src\\Illuminate\\Database\\Connection.php(624): Illuminate\\Database\\Connection->runQueryCallback('drop table if e...', Array, Object(Closure))
#1 C:\\Users\\Firo\\Documents\\GitHub\\trainning-laravel\\gr1\\vendor\\laravel\\framework\\src\\Illuminate\\Database\\Connection.php(459): Illuminate\\Database\\Connection->run('drop table if e...', Array, Object(Closure))
#2 C:\\Users\\Firo\\Documents\\GitHub\\trainning-laravel\\gr1\\vendor\\laravel\\framework\\src\\Illuminate\\Database\\Schema\\Blueprint.php(97): Illuminate\\Database\\Connection->statement('drop table if e...')
#3 C:\\Users\\Firo\\Documents\\GitHub\\trainning-laravel\\gr1\\vendor\\laravel\\framework\\src\\Illuminate\\Database\\Schema\\Builder.php(264): Illuminate\\Database\\Schema\\Blueprint->build(Object(Illuminate\\Database\\MySqlConnection), Object(Illuminate\\Database\\Schema\\Grammars\\MySqlGrammar))
#4 C:\\Users\\Firo\\Documents\\GitHub\\trainning-laravel\\gr1\\vendor\\laravel\\framework\\src\\Illuminate\\Database\\Schema\\Builder.php(191): Illuminate\\Database\\Schema\\Builder->build(Object(Illuminate\\Database\\Schema\\Blueprint))
#5 C:\\Users\\Firo\\Documents\\GitHub\\trainning-laravel\\gr1\\vendor\\laravel\\framework\\src\\Illuminate\\Support\\Facades\\Facade.php(237): Illuminate\\Database\\Schema\\Builder->dropIfExists('jpcompanies')
#6 C:\\Users\\Firo\\Documents\\GitHub\\trainning-laravel\\gr1\\database\\migrations\\2019_04_17_072400_create_jpcompanies_table.php(37): Illuminate\\Support\\Facades\\Facade::__callStatic('dropIfExists', Array)
#7 C:\\Users\\Firo\\Documents\\GitHub\\trainning-laravel\\gr1\\vendor\\laravel\\framework\\src\\Illuminate\\Database\\Migrations\\Migrator.php(360): CreateJpcompaniesTable->down()
#8 C:\\Users\\Firo\\Documents\\GitHub\\trainning-laravel\\gr1\\vendor\\laravel\\framework\\src\\Illuminate\\Database\\Migrations\\Migrator.php(367): Illuminate\\Database\\Migrations\\Migrator->Illuminate\\Database\\Migrations\\{closure}()
#9 C:\\Users\\Firo\\Documents\\GitHub\\trainning-laravel\\gr1\\vendor\\laravel\\framework\\src\\Illuminate\\Database\\Migrations\\Migrator.php(335): Illuminate\\Database\\Migrations\\Migrator->runMigration(Object(CreateJpcompaniesTable), 'down')
#10 C:\\Users\\Firo\\Documents\\GitHub\\trainning-laravel\\gr1\\vendor\\laravel\\framework\\src\\Illuminate\\Database\\Migrations\\Migrator.php(258): Illuminate\\Database\\Migrations\\Migrator->runDown('C:\\\\Users\\\\Firo\\\\D...', Object(stdClass), false)
#11 C:\\Users\\Firo\\Documents\\GitHub\\trainning-laravel\\gr1\\vendor\\laravel\\framework\\src\\Illuminate\\Database\\Migrations\\Migrator.php(210): Illuminate\\Database\\Migrations\\Migrator->rollbackMigrations(Array, Array, Array)
#12 C:\\Users\\Firo\\Documents\\GitHub\\trainning-laravel\\gr1\\vendor\\laravel\\framework\\src\\Illuminate\\Database\\Console\\Migrations\\RollbackCommand.php(63): Illuminate\\Database\\Migrations\\Migrator->rollback(Array, Array)
#13 [internal function]: Illuminate\\Database\\Console\\Migrations\\RollbackCommand->handle()
#14 C:\\Users\\Firo\\Documents\\GitHub\\trainning-laravel\\gr1\\vendor\\laravel\\framework\\src\\Illuminate\\Container\\BoundMethod.php(32): call_user_func_array(Array, Array)
#15 C:\\Users\\Firo\\Documents\\GitHub\\trainning-laravel\\gr1\\vendor\\laravel\\framework\\src\\Illuminate\\Container\\BoundMethod.php(90): Illuminate\\Container\\BoundMethod::Illuminate\\Container\\{closure}()
#16 C:\\Users\\Firo\\Documents\\GitHub\\trainning-laravel\\gr1\\vendor\\laravel\\framework\\src\\Illuminate\\Container\\BoundMethod.php(34): Illuminate\\Container\\BoundMethod::callBoundMethod(Object(Illuminate\\Foundation\\Application), Array, Object(Closure))
#17 C:\\Users\\Firo\\Documents\\GitHub\\trainning-laravel\\gr1\\vendor\\laravel\\framework\\src\\Illuminate\\Container\\Container.php(580): Illuminate\\Container\\BoundMethod::call(Object(Illuminate\\Foundation\\Application), Array, Array, NULL)
#18 C:\\Users\\Firo\\Documents\\GitHub\\trainning-laravel\\gr1\\vendor\\laravel\\framework\\src\\Illuminate\\Console\\Command.php(183): Illuminate\\Container\\Container->call(Array)
#19 C:\\Users\\Firo\\Documents\\GitHub\\trainning-laravel\\gr1\\vendor\\symfony\\console\\Command\\Command.php(255): Illuminate\\Console\\Command->execute(Object(Symfony\\Component\\Console\\Input\\ArgvInput), Object(Illuminate\\Console\\OutputStyle))
#20 C:\\Users\\Firo\\Documents\\GitHub\\trainning-laravel\\gr1\\vendor\\laravel\\framework\\src\\Illuminate\\Console\\Command.php(170): Symfony\\Component\\Console\\Command\\Command->run(Object(Symfony\\Component\\Console\\Input\\ArgvInput), Object(Illuminate\\Console\\OutputStyle))
#21 C:\\Users\\Firo\\Documents\\GitHub\\trainning-laravel\\gr1\\vendor\\symfony\\console\\Application.php(908): Illuminate\\Console\\Command->run(Object(Symfony\\Component\\Console\\Input\\ArgvInput), Object(Symfony\\Component\\Console\\Output\\ConsoleOutput))
#22 C:\\Users\\Firo\\Documents\\GitHub\\trainning-laravel\\gr1\\vendor\\symfony\\console\\Application.php(269): Symfony\\Component\\Console\\Application->doRunCommand(Object(Illuminate\\Database\\Console\\Migrations\\RollbackCommand), Object(Symfony\\Component\\Console\\Input\\ArgvInput), Object(Symfony\\Component\\Console\\Output\\ConsoleOutput))
#23 C:\\Users\\Firo\\Documents\\GitHub\\trainning-laravel\\gr1\\vendor\\symfony\\console\\Application.php(145): Symfony\\Component\\Console\\Application->doRun(Object(Symfony\\Component\\Console\\Input\\ArgvInput), Object(Symfony\\Component\\Console\\Output\\ConsoleOutput))
#24 C:\\Users\\Firo\\Documents\\GitHub\\trainning-laravel\\gr1\\vendor\\laravel\\framework\\src\\Illuminate\\Console\\Application.php(90): Symfony\\Component\\Console\\Application->run(Object(Symfony\\Component\\Console\\Input\\ArgvInput), Object(Symfony\\Component\\Console\\Output\\ConsoleOutput))
#25 C:\\Users\\Firo\\Documents\\GitHub\\trainning-laravel\\gr1\\vendor\\laravel\\framework\\src\\Illuminate\\Foundation\\Console\\Kernel.php(122): Illuminate\\Console\\Application->run(Object(Symfony\\Component\\Console\\Input\\ArgvInput), Object(Symfony\\Component\\Console\\Output\\ConsoleOutput))
#26 C:\\Users\\Firo\\Documents\\GitHub\\trainning-laravel\\gr1\\artisan(37): Illuminate\\Foundation\\Console\\Kernel->handle(Object(Symfony\\Component\\Console\\Input\\ArgvInput), Object(Symfony\\Component\\Console\\Output\\ConsoleOutput))
#27 {main}
"} 
[2019-04-17 10:05:21] local.ERROR: SQLSTATE[42S01]: Base table or view already exists: 1050 Table 'jobs' already exists (SQL: create table `jobs` (`job_id` bigint unsigned not null auto_increment primary key, `jobtype` char(50) not null, `jobdescribe` longtext not null, `jobofcompany` char(30) not null, `salary` longtext not null, `dayoff` char(50) not null, `numberneed` int not null, `workplace` longtext not null, `insurrance` longtext not null, `languagerequire` char(20) not null, `employeemodel` longtext not null, `bonus` longtext not null, `worktime` longtext not null, `created_at` timestamp null, `updated_at` timestamp null, `deleted_at` timestamp null) default character set utf8mb4 collate 'utf8mb4_unicode_ci') {"exception":"[object] (Illuminate\\Database\\QueryException(code: 42S01): SQLSTATE[42S01]: Base table or view already exists: 1050 Table 'jobs' already exists (SQL: create table `jobs` (`job_id` bigint unsigned not null auto_increment primary key, `jobtype` char(50) not null, `jobdescribe` longtext not null, `jobofcompany` char(30) not null, `salary` longtext not null, `dayoff` char(50) not null, `numberneed` int not null, `workplace` longtext not null, `insurrance` longtext not null, `languagerequire` char(20) not null, `employeemodel` longtext not null, `bonus` longtext not null, `worktime` longtext not null, `created_at` timestamp null, `updated_at` timestamp null, `deleted_at` timestamp null) default character set utf8mb4 collate 'utf8mb4_unicode_ci') at C:\\Users\\Firo\\Documents\\GitHub\\trainning-laravel\\gr1\\vendor\\laravel\\framework\\src\\Illuminate\\Database\\Connection.php:664, PDOException(code: 42S01): SQLSTATE[42S01]: Base table or view already exists: 1050 Table 'jobs' already exists at C:\\Users\\Firo\\Documents\\GitHub\\trainning-laravel\\gr1\\vendor\\laravel\\framework\\src\\Illuminate\\Database\\Connection.php:458)
[stacktrace]
#0 C:\\Users\\Firo\\Documents\\GitHub\\trainning-laravel\\gr1\\vendor\\laravel\\framework\\src\\Illuminate\\Database\\Connection.php(624): Illuminate\\Database\\Connection->runQueryCallback('create table `j...', Array, Object(Closure))
#1 C:\\Users\\Firo\\Documents\\GitHub\\trainning-laravel\\gr1\\vendor\\laravel\\framework\\src\\Illuminate\\Database\\Connection.php(459): Illuminate\\Database\\Connection->run('create table `j...', Array, Object(Closure))
#2 C:\\Users\\Firo\\Documents\\GitHub\\trainning-laravel\\gr1\\vendor\\laravel\\framework\\src\\Illuminate\\Database\\Schema\\Blueprint.php(97): Illuminate\\Database\\Connection->statement('create table `j...')
#3 C:\\Users\\Firo\\Documents\\GitHub\\trainning-laravel\\gr1\\vendor\\laravel\\framework\\src\\Illuminate\\Database\\Schema\\Builder.php(264): Illuminate\\Database\\Schema\\Blueprint->build(Object(Illuminate\\Database\\MySqlConnection), Object(Illuminate\\Database\\Schema\\Grammars\\MySqlGrammar))
#4 C:\\Users\\Firo\\Documents\\GitHub\\trainning-laravel\\gr1\\vendor\\laravel\\framework\\src\\Illuminate\\Database\\Schema\\Builder.php(165): Illuminate\\Database\\Schema\\Builder->build(Object(Illuminate\\Database\\Schema\\Blueprint))
#5 C:\\Users\\Firo\\Documents\\GitHub\\trainning-laravel\\gr1\\vendor\\laravel\\framework\\src\\Illuminate\\Support\\Facades\\Facade.php(237): Illuminate\\Database\\Schema\\Builder->create('jobs', Object(Closure))
#6 C:\\Users\\Firo\\Documents\\GitHub\\trainning-laravel\\gr1\\database\\migrations\\2019_04_17_074108_create_jobs_table.php(35): Illuminate\\Support\\Facades\\Facade::__callStatic('create', Array)
#7 C:\\Users\\Firo\\Documents\\GitHub\\trainning-laravel\\gr1\\vendor\\laravel\\framework\\src\\Illuminate\\Database\\Migrations\\Migrator.php(360): CreateJobsTable->up()
#8 C:\\Users\\Firo\\Documents\\GitHub\\trainning-laravel\\gr1\\vendor\\laravel\\framework\\src\\Illuminate\\Database\\Migrations\\Migrator.php(367): Illuminate\\Database\\Migrations\\Migrator->Illuminate\\Database\\Migrations\\{closure}()
#9 C:\\Users\\Firo\\Documents\\GitHub\\trainning-laravel\\gr1\\vendor\\laravel\\framework\\src\\Illuminate\\Database\\Migrations\\Migrator.php(178): Illuminate\\Database\\Migrations\\Migrator->runMigration(Object(CreateJobsTable), 'up')
#10 C:\\Users\\Firo\\Documents\\GitHub\\trainning-laravel\\gr1\\vendor\\laravel\\framework\\src\\Illuminate\\Database\\Migrations\\Migrator.php(147): Illuminate\\Database\\Migrations\\Migrator->runUp('C:\\\\Users\\\\Firo\\\\D...', 2, false)
#11 C:\\Users\\Firo\\Documents\\GitHub\\trainning-laravel\\gr1\\vendor\\laravel\\framework\\src\\Illuminate\\Database\\Migrations\\Migrator.php(96): Illuminate\\Database\\Migrations\\Migrator->runPending(Array, Array)
#12 C:\\Users\\Firo\\Documents\\GitHub\\trainning-laravel\\gr1\\vendor\\laravel\\framework\\src\\Illuminate\\Database\\Console\\Migrations\\MigrateCommand.php(71): Illuminate\\Database\\Migrations\\Migrator->run(Array, Array)
#13 [internal function]: Illuminate\\Database\\Console\\Migrations\\MigrateCommand->handle()
#14 C:\\Users\\Firo\\Documents\\GitHub\\trainning-laravel\\gr1\\vendor\\laravel\\framework\\src\\Illuminate\\Container\\BoundMethod.php(32): call_user_func_array(Array, Array)
#15 C:\\Users\\Firo\\Documents\\GitHub\\trainning-laravel\\gr1\\vendor\\laravel\\framework\\src\\Illuminate\\Container\\BoundMethod.php(90): Illuminate\\Container\\BoundMethod::Illuminate\\Container\\{closure}()
#16 C:\\Users\\Firo\\Documents\\GitHub\\trainning-laravel\\gr1\\vendor\\laravel\\framework\\src\\Illuminate\\Container\\BoundMethod.php(34): Illuminate\\Container\\BoundMethod::callBoundMethod(Object(Illuminate\\Foundation\\Application), Array, Object(Closure))
#17 C:\\Users\\Firo\\Documents\\GitHub\\trainning-laravel\\gr1\\vendor\\laravel\\framework\\src\\Illuminate\\Container\\Container.php(580): Illuminate\\Container\\BoundMethod::call(Object(Illuminate\\Foundation\\Application), Array, Array, NULL)
#18 C:\\Users\\Firo\\Documents\\GitHub\\trainning-laravel\\gr1\\vendor\\laravel\\framework\\src\\Illuminate\\Console\\Command.php(183): Illuminate\\Container\\Container->call(Array)
#19 C:\\Users\\Firo\\Documents\\GitHub\\trainning-laravel\\gr1\\vendor\\symfony\\console\\Command\\Command.php(255): Illuminate\\Console\\Command->execute(Object(Symfony\\Component\\Console\\Input\\ArgvInput), Object(Illuminate\\Console\\OutputStyle))
#20 C:\\Users\\Firo\\Documents\\GitHub\\trainning-laravel\\gr1\\vendor\\laravel\\framework\\src\\Illuminate\\Console\\Command.php(170): Symfony\\Component\\Console\\Command\\Command->run(Object(Symfony\\Component\\Console\\Input\\ArgvInput), Object(Illuminate\\Console\\OutputStyle))
#21 C:\\Users\\Firo\\Documents\\GitHub\\trainning-laravel\\gr1\\vendor\\symfony\\console\\Application.php(908): Illuminate\\Console\\Command->run(Object(Symfony\\Component\\Console\\Input\\ArgvInput), Object(Symfony\\Component\\Console\\Output\\ConsoleOutput))
#22 C:\\Users\\Firo\\Documents\\GitHub\\trainning-laravel\\gr1\\vendor\\symfony\\console\\Application.php(269): Symfony\\Component\\Console\\Application->doRunCommand(Object(Illuminate\\Database\\Console\\Migrations\\MigrateCommand), Object(Symfony\\Component\\Console\\Input\\ArgvInput), Object(Symfony\\Component\\Console\\Output\\ConsoleOutput))
#23 C:\\Users\\Firo\\Documents\\GitHub\\trainning-laravel\\gr1\\vendor\\symfony\\console\\Application.php(145): Symfony\\Component\\Console\\Application->doRun(Object(Symfony\\Component\\Console\\Input\\ArgvInput), Object(Symfony\\Component\\Console\\Output\\ConsoleOutput))
#24 C:\\Users\\Firo\\Documents\\GitHub\\trainning-laravel\\gr1\\vendor\\laravel\\framework\\src\\Illuminate\\Console\\Application.php(90): Symfony\\Component\\Console\\Application->run(Object(Symfony\\Component\\Console\\Input\\ArgvInput), Object(Symfony\\Component\\Console\\Output\\ConsoleOutput))
#25 C:\\Users\\Firo\\Documents\\GitHub\\trainning-laravel\\gr1\\vendor\\laravel\\framework\\src\\Illuminate\\Foundation\\Console\\Kernel.php(122): Illuminate\\Console\\Application->run(Object(Symfony\\Component\\Console\\Input\\ArgvInput), Object(Symfony\\Component\\Console\\Output\\ConsoleOutput))
#26 C:\\Users\\Firo\\Documents\\GitHub\\trainning-laravel\\gr1\\artisan(37): Illuminate\\Foundation\\Console\\Kernel->handle(Object(Symfony\\Component\\Console\\Input\\ArgvInput), Object(Symfony\\Component\\Console\\Output\\ConsoleOutput))
#27 {main}
"} 
[2019-04-17 10:07:14] local.ERROR: SQLSTATE[HY000]: General error: 1005 Can't create table `projectgr1`.`#sql-10c4_10e` (errno: 150 "Foreign key constraint is incorrectly formed") (SQL: alter table `jobs` add constraint `jobs_jobofcompany_foreign` foreign key (`jobofcompany`) references `jpcompanies` (`jpcompany_usr`)) {"exception":"[object] (Illuminate\\Database\\QueryException(code: HY000): SQLSTATE[HY000]: General error: 1005 Can't create table `projectgr1`.`#sql-10c4_10e` (errno: 150 \"Foreign key constraint is incorrectly formed\") (SQL: alter table `jobs` add constraint `jobs_jobofcompany_foreign` foreign key (`jobofcompany`) references `jpcompanies` (`jpcompany_usr`)) at C:\\Users\\Firo\\Documents\\GitHub\\trainning-laravel\\gr1\\vendor\\laravel\\framework\\src\\Illuminate\\Database\\Connection.php:664, PDOException(code: HY000): SQLSTATE[HY000]: General error: 1005 Can't create table `projectgr1`.`#sql-10c4_10e` (errno: 150 \"Foreign key constraint is incorrectly formed\") at C:\\Users\\Firo\\Documents\\GitHub\\trainning-laravel\\gr1\\vendor\\laravel\\framework\\src\\Illuminate\\Database\\Connection.php:458)
[stacktrace]
#0 C:\\Users\\Firo\\Documents\\GitHub\\trainning-laravel\\gr1\\vendor\\laravel\\framework\\src\\Illuminate\\Database\\Connection.php(624): Illuminate\\Database\\Connection->runQueryCallback('alter table `jo...', Array, Object(Closure))
#1 C:\\Users\\Firo\\Documents\\GitHub\\trainning-laravel\\gr1\\vendor\\laravel\\framework\\src\\Illuminate\\Database\\Connection.php(459): Illuminate\\Database\\Connection->run('alter table `jo...', Array, Object(Closure))
#2 C:\\Users\\Firo\\Documents\\GitHub\\trainning-laravel\\gr1\\vendor\\laravel\\framework\\src\\Illuminate\\Database\\Schema\\Blueprint.php(97): Illuminate\\Database\\Connection->statement('alter table `jo...')
#3 C:\\Users\\Firo\\Documents\\GitHub\\trainning-laravel\\gr1\\vendor\\laravel\\framework\\src\\Illuminate\\Database\\Schema\\Builder.php(264): Illuminate\\Database\\Schema\\Blueprint->build(Object(Illuminate\\Database\\MySqlConnection), Object(Illuminate\\Database\\Schema\\Grammars\\MySqlGrammar))
#4 C:\\Users\\Firo\\Documents\\GitHub\\trainning-laravel\\gr1\\vendor\\laravel\\framework\\src\\Illuminate\\Database\\Schema\\Builder.php(165): Illuminate\\Database\\Schema\\Builder->build(Object(Illuminate\\Database\\Schema\\Blueprint))
#5 C:\\Users\\Firo\\Documents\\GitHub\\trainning-laravel\\gr1\\vendor\\laravel\\framework\\src\\Illuminate\\Support\\Facades\\Facade.php(237): Illuminate\\Database\\Schema\\Builder->create('jobs', Object(Closure))
#6 C:\\Users\\Firo\\Documents\\GitHub\\trainning-laravel\\gr1\\database\\migrations\\2019_04_17_074108_create_jobs_table.php(35): Illuminate\\Support\\Facades\\Facade::__callStatic('create', Array)
#7 C:\\Users\\Firo\\Documents\\GitHub\\trainning-laravel\\gr1\\vendor\\laravel\\framework\\src\\Illuminate\\Database\\Migrations\\Migrator.php(360): CreateJobsTable->up()
#8 C:\\Users\\Firo\\Documents\\GitHub\\trainning-laravel\\gr1\\vendor\\laravel\\framework\\src\\Illuminate\\Database\\Migrations\\Migrator.php(367): Illuminate\\Database\\Migrations\\Migrator->Illuminate\\Database\\Migrations\\{closure}()
#9 C:\\Users\\Firo\\Documents\\GitHub\\trainning-laravel\\gr1\\vendor\\laravel\\framework\\src\\Illuminate\\Database\\Migrations\\Migrator.php(178): Illuminate\\Database\\Migrations\\Migrator->runMigration(Object(CreateJobsTable), 'up')
#10 C:\\Users\\Firo\\Documents\\GitHub\\trainning-laravel\\gr1\\vendor\\laravel\\framework\\src\\Illuminate\\Database\\Migrations\\Migrator.php(147): Illuminate\\Database\\Migrations\\Migrator->runUp('C:\\\\Users\\\\Firo\\\\D...', 2, false)
#11 C:\\Users\\Firo\\Documents\\GitHub\\trainning-laravel\\gr1\\vendor\\laravel\\framework\\src\\Illuminate\\Database\\Migrations\\Migrator.php(96): Illuminate\\Database\\Migrations\\Migrator->runPending(Array, Array)
#12 C:\\Users\\Firo\\Documents\\GitHub\\trainning-laravel\\gr1\\vendor\\laravel\\framework\\src\\Illuminate\\Database\\Console\\Migrations\\MigrateCommand.php(71): Illuminate\\Database\\Migrations\\Migrator->run(Array, Array)
#13 [internal function]: Illuminate\\Database\\Console\\Migrations\\MigrateCommand->handle()
#14 C:\\Users\\Firo\\Documents\\GitHub\\trainning-laravel\\gr1\\vendor\\laravel\\framework\\src\\Illuminate\\Container\\BoundMethod.php(32): call_user_func_array(Array, Array)
#15 C:\\Users\\Firo\\Documents\\GitHub\\trainning-laravel\\gr1\\vendor\\laravel\\framework\\src\\Illuminate\\Container\\BoundMethod.php(90): Illuminate\\Container\\BoundMethod::Illuminate\\Container\\{closure}()
#16 C:\\Users\\Firo\\Documents\\GitHub\\trainning-laravel\\gr1\\vendor\\laravel\\framework\\src\\Illuminate\\Container\\BoundMethod.php(34): Illuminate\\Container\\BoundMethod::callBoundMethod(Object(Illuminate\\Foundation\\Application), Array, Object(Closure))
#17 C:\\Users\\Firo\\Documents\\GitHub\\trainning-laravel\\gr1\\vendor\\laravel\\framework\\src\\Illuminate\\Container\\Container.php(580): Illuminate\\Container\\BoundMethod::call(Object(Illuminate\\Foundation\\Application), Array, Array, NULL)
#18 C:\\Users\\Firo\\Documents\\GitHub\\trainning-laravel\\gr1\\vendor\\laravel\\framework\\src\\Illuminate\\Console\\Command.php(183): Illuminate\\Container\\Container->call(Array)
#19 C:\\Users\\Firo\\Documents\\GitHub\\trainning-laravel\\gr1\\vendor\\symfony\\console\\Command\\Command.php(255): Illuminate\\Console\\Command->execute(Object(Symfony\\Component\\Console\\Input\\ArgvInput), Object(Illuminate\\Console\\OutputStyle))
#20 C:\\Users\\Firo\\Documents\\GitHub\\trainning-laravel\\gr1\\vendor\\laravel\\framework\\src\\Illuminate\\Console\\Command.php(170): Symfony\\Component\\Console\\Command\\Command->run(Object(Symfony\\Component\\Console\\Input\\ArgvInput), Object(Illuminate\\Console\\OutputStyle))
#21 C:\\Users\\Firo\\Documents\\GitHub\\trainning-laravel\\gr1\\vendor\\symfony\\console\\Application.php(908): Illuminate\\Console\\Command->run(Object(Symfony\\Component\\Console\\Input\\ArgvInput), Object(Symfony\\Component\\Console\\Output\\ConsoleOutput))
#22 C:\\Users\\Firo\\Documents\\GitHub\\trainning-laravel\\gr1\\vendor\\symfony\\console\\Application.php(269): Symfony\\Component\\Console\\Application->doRunCommand(Object(Illuminate\\Database\\Console\\Migrations\\MigrateCommand), Object(Symfony\\Component\\Console\\Input\\ArgvInput), Object(Symfony\\Component\\Console\\Output\\ConsoleOutput))
#23 C:\\Users\\Firo\\Documents\\GitHub\\trainning-laravel\\gr1\\vendor\\symfony\\console\\Application.php(145): Symfony\\Component\\Console\\Application->doRun(Object(Symfony\\Component\\Console\\Input\\ArgvInput), Object(Symfony\\Component\\Console\\Output\\ConsoleOutput))
#24 C:\\Users\\Firo\\Documents\\GitHub\\trainning-laravel\\gr1\\vendor\\laravel\\framework\\src\\Illuminate\\Console\\Application.php(90): Symfony\\Component\\Console\\Application->run(Object(Symfony\\Component\\Console\\Input\\ArgvInput), Object(Symfony\\Component\\Console\\Output\\ConsoleOutput))
#25 C:\\Users\\Firo\\Documents\\GitHub\\trainning-laravel\\gr1\\vendor\\laravel\\framework\\src\\Illuminate\\Foundation\\Console\\Kernel.php(122): Illuminate\\Console\\Application->run(Object(Symfony\\Component\\Console\\Input\\ArgvInput), Object(Symfony\\Component\\Console\\Output\\ConsoleOutput))
#26 C:\\Users\\Firo\\Documents\\GitHub\\trainning-laravel\\gr1\\artisan(37): Illuminate\\Foundation\\Console\\Kernel->handle(Object(Symfony\\Component\\Console\\Input\\ArgvInput), Object(Symfony\\Component\\Console\\Output\\ConsoleOutput))
#27 {main}
"} 
[2019-04-17 10:32:21] local.ERROR: SQLSTATE[HY000]: General error: 1005 Can't create table `projectgr1`.`#sql-10c4_121` (errno: 150 "Foreign key constraint is incorrectly formed") (SQL: alter table `jobs` add constraint `jobs_jpcompany_id_foreign` foreign key (`jpcompany_id`) references `jpcompanies` (`jpcompany_id`)) {"exception":"[object] (Illuminate\\Database\\QueryException(code: HY000): SQLSTATE[HY000]: General error: 1005 Can't create table `projectgr1`.`#sql-10c4_121` (errno: 150 \"Foreign key constraint is incorrectly formed\") (SQL: alter table `jobs` add constraint `jobs_jpcompany_id_foreign` foreign key (`jpcompany_id`) references `jpcompanies` (`jpcompany_id`)) at C:\\Users\\Firo\\Documents\\GitHub\\trainning-laravel\\gr1\\vendor\\laravel\\framework\\src\\Illuminate\\Database\\Connection.php:664, PDOException(code: HY000): SQLSTATE[HY000]: General error: 1005 Can't create table `projectgr1`.`#sql-10c4_121` (errno: 150 \"Foreign key constraint is incorrectly formed\") at C:\\Users\\Firo\\Documents\\GitHub\\trainning-laravel\\gr1\\vendor\\laravel\\framework\\src\\Illuminate\\Database\\Connection.php:458)
[stacktrace]
#0 C:\\Users\\Firo\\Documents\\GitHub\\trainning-laravel\\gr1\\vendor\\laravel\\framework\\src\\Illuminate\\Database\\Connection.php(624): Illuminate\\Database\\Connection->runQueryCallback('alter table `jo...', Array, Object(Closure))
#1 C:\\Users\\Firo\\Documents\\GitHub\\trainning-laravel\\gr1\\vendor\\laravel\\framework\\src\\Illuminate\\Database\\Connection.php(459): Illuminate\\Database\\Connection->run('alter table `jo...', Array, Object(Closure))
#2 C:\\Users\\Firo\\Documents\\GitHub\\trainning-laravel\\gr1\\vendor\\laravel\\framework\\src\\Illuminate\\Database\\Schema\\Blueprint.php(97): Illuminate\\Database\\Connection->statement('alter table `jo...')
#3 C:\\Users\\Firo\\Documents\\GitHub\\trainning-laravel\\gr1\\vendor\\laravel\\framework\\src\\Illuminate\\Database\\Schema\\Builder.php(264): Illuminate\\Database\\Schema\\Blueprint->build(Object(Illuminate\\Database\\MySqlConnection), Object(Illuminate\\Database\\Schema\\Grammars\\MySqlGrammar))
#4 C:\\Users\\Firo\\Documents\\GitHub\\trainning-laravel\\gr1\\vendor\\laravel\\framework\\src\\Illuminate\\Database\\Schema\\Builder.php(165): Illuminate\\Database\\Schema\\Builder->build(Object(Illuminate\\Database\\Schema\\Blueprint))
#5 C:\\Users\\Firo\\Documents\\GitHub\\trainning-laravel\\gr1\\vendor\\laravel\\framework\\src\\Illuminate\\Support\\Facades\\Facade.php(237): Illuminate\\Database\\Schema\\Builder->create('jobs', Object(Closure))
#6 C:\\Users\\Firo\\Documents\\GitHub\\trainning-laravel\\gr1\\database\\migrations\\2019_04_17_074108_create_jobs_table.php(33): Illuminate\\Support\\Facades\\Facade::__callStatic('create', Array)
#7 C:\\Users\\Firo\\Documents\\GitHub\\trainning-laravel\\gr1\\vendor\\laravel\\framework\\src\\Illuminate\\Database\\Migrations\\Migrator.php(360): CreateJobsTable->up()
#8 C:\\Users\\Firo\\Documents\\GitHub\\trainning-laravel\\gr1\\vendor\\laravel\\framework\\src\\Illuminate\\Database\\Migrations\\Migrator.php(367): Illuminate\\Database\\Migrations\\Migrator->Illuminate\\Database\\Migrations\\{closure}()
#9 C:\\Users\\Firo\\Documents\\GitHub\\trainning-laravel\\gr1\\vendor\\laravel\\framework\\src\\Illuminate\\Database\\Migrations\\Migrator.php(178): Illuminate\\Database\\Migrations\\Migrator->runMigration(Object(CreateJobsTable), 'up')
#10 C:\\Users\\Firo\\Documents\\GitHub\\trainning-laravel\\gr1\\vendor\\laravel\\framework\\src\\Illuminate\\Database\\Migrations\\Migrator.php(147): Illuminate\\Database\\Migrations\\Migrator->runUp('C:\\\\Users\\\\Firo\\\\D...', 2, false)
#11 C:\\Users\\Firo\\Documents\\GitHub\\trainning-laravel\\gr1\\vendor\\laravel\\framework\\src\\Illuminate\\Database\\Migrations\\Migrator.php(96): Illuminate\\Database\\Migrations\\Migrator->runPending(Array, Array)
#12 C:\\Users\\Firo\\Documents\\GitHub\\trainning-laravel\\gr1\\vendor\\laravel\\framework\\src\\Illuminate\\Database\\Console\\Migrations\\MigrateCommand.php(71): Illuminate\\Database\\Migrations\\Migrator->run(Array, Array)
#13 [internal function]: Illuminate\\Database\\Console\\Migrations\\MigrateCommand->handle()
#14 C:\\Users\\Firo\\Documents\\GitHub\\trainning-laravel\\gr1\\vendor\\laravel\\framework\\src\\Illuminate\\Container\\BoundMethod.php(32): call_user_func_array(Array, Array)
#15 C:\\Users\\Firo\\Documents\\GitHub\\trainning-laravel\\gr1\\vendor\\laravel\\framework\\src\\Illuminate\\Container\\BoundMethod.php(90): Illuminate\\Container\\BoundMethod::Illuminate\\Container\\{closure}()
#16 C:\\Users\\Firo\\Documents\\GitHub\\trainning-laravel\\gr1\\vendor\\laravel\\framework\\src\\Illuminate\\Container\\BoundMethod.php(34): Illuminate\\Container\\BoundMethod::callBoundMethod(Object(Illuminate\\Foundation\\Application), Array, Object(Closure))
#17 C:\\Users\\Firo\\Documents\\GitHub\\trainning-laravel\\gr1\\vendor\\laravel\\framework\\src\\Illuminate\\Container\\Container.php(580): Illuminate\\Container\\BoundMethod::call(Object(Illuminate\\Foundation\\Application), Array, Array, NULL)
#18 C:\\Users\\Firo\\Documents\\GitHub\\trainning-laravel\\gr1\\vendor\\laravel\\framework\\src\\Illuminate\\Console\\Command.php(183): Illuminate\\Container\\Container->call(Array)
#19 C:\\Users\\Firo\\Documents\\GitHub\\trainning-laravel\\gr1\\vendor\\symfony\\console\\Command\\Command.php(255): Illuminate\\Console\\Command->execute(Object(Symfony\\Component\\Console\\Input\\ArgvInput), Object(Illuminate\\Console\\OutputStyle))
#20 C:\\Users\\Firo\\Documents\\GitHub\\trainning-laravel\\gr1\\vendor\\laravel\\framework\\src\\Illuminate\\Console\\Command.php(170): Symfony\\Component\\Console\\Command\\Command->run(Object(Symfony\\Component\\Console\\Input\\ArgvInput), Object(Illuminate\\Console\\OutputStyle))
#21 C:\\Users\\Firo\\Documents\\GitHub\\trainning-laravel\\gr1\\vendor\\symfony\\console\\Application.php(908): Illuminate\\Console\\Command->run(Object(Symfony\\Component\\Console\\Input\\ArgvInput), Object(Symfony\\Component\\Console\\Output\\ConsoleOutput))
#22 C:\\Users\\Firo\\Documents\\GitHub\\trainning-laravel\\gr1\\vendor\\symfony\\console\\Application.php(269): Symfony\\Component\\Console\\Application->doRunCommand(Object(Illuminate\\Database\\Console\\Migrations\\MigrateCommand), Object(Symfony\\Component\\Console\\Input\\ArgvInput), Object(Symfony\\Component\\Console\\Output\\ConsoleOutput))
#23 C:\\Users\\Firo\\Documents\\GitHub\\trainning-laravel\\gr1\\vendor\\symfony\\console\\Application.php(145): Symfony\\Component\\Console\\Application->doRun(Object(Symfony\\Component\\Console\\Input\\ArgvInput), Object(Symfony\\Component\\Console\\Output\\ConsoleOutput))
#24 C:\\Users\\Firo\\Documents\\GitHub\\trainning-laravel\\gr1\\vendor\\laravel\\framework\\src\\Illuminate\\Console\\Application.php(90): Symfony\\Component\\Console\\Application->run(Object(Symfony\\Component\\Console\\Input\\ArgvInput), Object(Symfony\\Component\\Console\\Output\\ConsoleOutput))
#25 C:\\Users\\Firo\\Documents\\GitHub\\trainning-laravel\\gr1\\vendor\\laravel\\framework\\src\\Illuminate\\Foundation\\Console\\Kernel.php(122): Illuminate\\Console\\Application->run(Object(Symfony\\Component\\Console\\Input\\ArgvInput), Object(Symfony\\Component\\Console\\Output\\ConsoleOutput))
#26 C:\\Users\\Firo\\Documents\\GitHub\\trainning-laravel\\gr1\\artisan(37): Illuminate\\Foundation\\Console\\Kernel->handle(Object(Symfony\\Component\\Console\\Input\\ArgvInput), Object(Symfony\\Component\\Console\\Output\\ConsoleOutput))
#27 {main}
"} 
[2019-04-17 10:36:31] local.ERROR: SQLSTATE[42S01]: Base table or view already exists: 1050 Table 'jobs' already exists (SQL: create table `jobs` (`job_id` bigint unsigned not null auto_increment primary key, `jpcompany_id` int not null, `jobtype` char(50) not null, `jobdescribe` longtext not null, `salary` longtext not null, `dayoff` char(50) not null, `numberneed` int not null, `workplace` longtext not null, `insurrance` longtext not null, `languagerequire` char(20) not null, `employeemodel` longtext not null, `bonus` longtext not null, `worktime` longtext not null, `created_at` timestamp null, `updated_at` timestamp null, `deleted_at` timestamp null) default character set utf8mb4 collate 'utf8mb4_unicode_ci') {"exception":"[object] (Illuminate\\Database\\QueryException(code: 42S01): SQLSTATE[42S01]: Base table or view already exists: 1050 Table 'jobs' already exists (SQL: create table `jobs` (`job_id` bigint unsigned not null auto_increment primary key, `jpcompany_id` int not null, `jobtype` char(50) not null, `jobdescribe` longtext not null, `salary` longtext not null, `dayoff` char(50) not null, `numberneed` int not null, `workplace` longtext not null, `insurrance` longtext not null, `languagerequire` char(20) not null, `employeemodel` longtext not null, `bonus` longtext not null, `worktime` longtext not null, `created_at` timestamp null, `updated_at` timestamp null, `deleted_at` timestamp null) default character set utf8mb4 collate 'utf8mb4_unicode_ci') at C:\\Users\\Firo\\Documents\\GitHub\\trainning-laravel\\gr1\\vendor\\laravel\\framework\\src\\Illuminate\\Database\\Connection.php:664, PDOException(code: 42S01): SQLSTATE[42S01]: Base table or view already exists: 1050 Table 'jobs' already exists at C:\\Users\\Firo\\Documents\\GitHub\\trainning-laravel\\gr1\\vendor\\laravel\\framework\\src\\Illuminate\\Database\\Connection.php:458)
[stacktrace]
#0 C:\\Users\\Firo\\Documents\\GitHub\\trainning-laravel\\gr1\\vendor\\laravel\\framework\\src\\Illuminate\\Database\\Connection.php(624): Illuminate\\Database\\Connection->runQueryCallback('create table `j...', Array, Object(Closure))
#1 C:\\Users\\Firo\\Documents\\GitHub\\trainning-laravel\\gr1\\vendor\\laravel\\framework\\src\\Illuminate\\Database\\Connection.php(459): Illuminate\\Database\\Connection->run('create table `j...', Array, Object(Closure))
#2 C:\\Users\\Firo\\Documents\\GitHub\\trainning-laravel\\gr1\\vendor\\laravel\\framework\\src\\Illuminate\\Database\\Schema\\Blueprint.php(97): Illuminate\\Database\\Connection->statement('create table `j...')
#3 C:\\Users\\Firo\\Documents\\GitHub\\trainning-laravel\\gr1\\vendor\\laravel\\framework\\src\\Illuminate\\Database\\Schema\\Builder.php(264): Illuminate\\Database\\Schema\\Blueprint->build(Object(Illuminate\\Database\\MySqlConnection), Object(Illuminate\\Database\\Schema\\Grammars\\MySqlGrammar))
#4 C:\\Users\\Firo\\Documents\\GitHub\\trainning-laravel\\gr1\\vendor\\laravel\\framework\\src\\Illuminate\\Database\\Schema\\Builder.php(165): Illuminate\\Database\\Schema\\Builder->build(Object(Illuminate\\Database\\Schema\\Blueprint))
#5 C:\\Users\\Firo\\Documents\\GitHub\\trainning-laravel\\gr1\\vendor\\laravel\\framework\\src\\Illuminate\\Support\\Facades\\Facade.php(237): Illuminate\\Database\\Schema\\Builder->create('jobs', Object(Closure))
#6 C:\\Users\\Firo\\Documents\\GitHub\\trainning-laravel\\gr1\\database\\migrations\\2019_04_17_074108_create_jobs_table.php(33): Illuminate\\Support\\Facades\\Facade::__callStatic('create', Array)
#7 C:\\Users\\Firo\\Documents\\GitHub\\trainning-laravel\\gr1\\vendor\\laravel\\framework\\src\\Illuminate\\Database\\Migrations\\Migrator.php(360): CreateJobsTable->up()
#8 C:\\Users\\Firo\\Documents\\GitHub\\trainning-laravel\\gr1\\vendor\\laravel\\framework\\src\\Illuminate\\Database\\Migrations\\Migrator.php(367): Illuminate\\Database\\Migrations\\Migrator->Illuminate\\Database\\Migrations\\{closure}()
#9 C:\\Users\\Firo\\Documents\\GitHub\\trainning-laravel\\gr1\\vendor\\laravel\\framework\\src\\Illuminate\\Database\\Migrations\\Migrator.php(178): Illuminate\\Database\\Migrations\\Migrator->runMigration(Object(CreateJobsTable), 'up')
#10 C:\\Users\\Firo\\Documents\\GitHub\\trainning-laravel\\gr1\\vendor\\laravel\\framework\\src\\Illuminate\\Database\\Migrations\\Migrator.php(147): Illuminate\\Database\\Migrations\\Migrator->runUp('C:\\\\Users\\\\Firo\\\\D...', 1, false)
#11 C:\\Users\\Firo\\Documents\\GitHub\\trainning-laravel\\gr1\\vendor\\laravel\\framework\\src\\Illuminate\\Database\\Migrations\\Migrator.php(96): Illuminate\\Database\\Migrations\\Migrator->runPending(Array, Array)
#12 C:\\Users\\Firo\\Documents\\GitHub\\trainning-laravel\\gr1\\vendor\\laravel\\framework\\src\\Illuminate\\Database\\Console\\Migrations\\MigrateCommand.php(71): Illuminate\\Database\\Migrations\\Migrator->run(Array, Array)
#13 [internal function]: Illuminate\\Database\\Console\\Migrations\\MigrateCommand->handle()
#14 C:\\Users\\Firo\\Documents\\GitHub\\trainning-laravel\\gr1\\vendor\\laravel\\framework\\src\\Illuminate\\Container\\BoundMethod.php(32): call_user_func_array(Array, Array)
#15 C:\\Users\\Firo\\Documents\\GitHub\\trainning-laravel\\gr1\\vendor\\laravel\\framework\\src\\Illuminate\\Container\\BoundMethod.php(90): Illuminate\\Container\\BoundMethod::Illuminate\\Container\\{closure}()
#16 C:\\Users\\Firo\\Documents\\GitHub\\trainning-laravel\\gr1\\vendor\\laravel\\framework\\src\\Illuminate\\Container\\BoundMethod.php(34): Illuminate\\Container\\BoundMethod::callBoundMethod(Object(Illuminate\\Foundation\\Application), Array, Object(Closure))
#17 C:\\Users\\Firo\\Documents\\GitHub\\trainning-laravel\\gr1\\vendor\\laravel\\framework\\src\\Illuminate\\Container\\Container.php(580): Illuminate\\Container\\BoundMethod::call(Object(Illuminate\\Foundation\\Application), Array, Array, NULL)
#18 C:\\Users\\Firo\\Documents\\GitHub\\trainning-laravel\\gr1\\vendor\\laravel\\framework\\src\\Illuminate\\Console\\Command.php(183): Illuminate\\Container\\Container->call(Array)
#19 C:\\Users\\Firo\\Documents\\GitHub\\trainning-laravel\\gr1\\vendor\\symfony\\console\\Command\\Command.php(255): Illuminate\\Console\\Command->execute(Object(Symfony\\Component\\Console\\Input\\ArgvInput), Object(Illuminate\\Console\\OutputStyle))
#20 C:\\Users\\Firo\\Documents\\GitHub\\trainning-laravel\\gr1\\vendor\\laravel\\framework\\src\\Illuminate\\Console\\Command.php(170): Symfony\\Component\\Console\\Command\\Command->run(Object(Symfony\\Component\\Console\\Input\\ArgvInput), Object(Illuminate\\Console\\OutputStyle))
#21 C:\\Users\\Firo\\Documents\\GitHub\\trainning-laravel\\gr1\\vendor\\symfony\\console\\Application.php(908): Illuminate\\Console\\Command->run(Object(Symfony\\Component\\Console\\Input\\ArgvInput), Object(Symfony\\Component\\Console\\Output\\ConsoleOutput))
#22 C:\\Users\\Firo\\Documents\\GitHub\\trainning-laravel\\gr1\\vendor\\symfony\\console\\Application.php(269): Symfony\\Component\\Console\\Application->doRunCommand(Object(Illuminate\\Database\\Console\\Migrations\\MigrateCommand), Object(Symfony\\Component\\Console\\Input\\ArgvInput), Object(Symfony\\Component\\Console\\Output\\ConsoleOutput))
#23 C:\\Users\\Firo\\Documents\\GitHub\\trainning-laravel\\gr1\\vendor\\symfony\\console\\Application.php(145): Symfony\\Component\\Console\\Application->doRun(Object(Symfony\\Component\\Console\\Input\\ArgvInput), Object(Symfony\\Component\\Console\\Output\\ConsoleOutput))
#24 C:\\Users\\Firo\\Documents\\GitHub\\trainning-laravel\\gr1\\vendor\\laravel\\framework\\src\\Illuminate\\Console\\Application.php(90): Symfony\\Component\\Console\\Application->run(Object(Symfony\\Component\\Console\\Input\\ArgvInput), Object(Symfony\\Component\\Console\\Output\\ConsoleOutput))
#25 C:\\Users\\Firo\\Documents\\GitHub\\trainning-laravel\\gr1\\vendor\\laravel\\framework\\src\\Illuminate\\Foundation\\Console\\Kernel.php(122): Illuminate\\Console\\Application->run(Object(Symfony\\Component\\Console\\Input\\ArgvInput), Object(Symfony\\Component\\Console\\Output\\ConsoleOutput))
#26 C:\\Users\\Firo\\Documents\\GitHub\\trainning-laravel\\gr1\\artisan(37): Illuminate\\Foundation\\Console\\Kernel->handle(Object(Symfony\\Component\\Console\\Input\\ArgvInput), Object(Symfony\\Component\\Console\\Output\\ConsoleOutput))
#27 {main}
"} 
[2019-04-17 10:37:51] local.ERROR: SQLSTATE[HY000]: General error: 1005 Can't create table `projectgr1`.`#sql-10c4_1ad` (errno: 150 "Foreign key constraint is incorrectly formed") (SQL: alter table `jobs` add constraint `jobs_jpcompany_id_foreign` foreign key (`jpcompany_id`) references `jpcompanies` (`jpcompany_id`)) {"exception":"[object] (Illuminate\\Database\\QueryException(code: HY000): SQLSTATE[HY000]: General error: 1005 Can't create table `projectgr1`.`#sql-10c4_1ad` (errno: 150 \"Foreign key constraint is incorrectly formed\") (SQL: alter table `jobs` add constraint `jobs_jpcompany_id_foreign` foreign key (`jpcompany_id`) references `jpcompanies` (`jpcompany_id`)) at C:\\Users\\Firo\\Documents\\GitHub\\trainning-laravel\\gr1\\vendor\\laravel\\framework\\src\\Illuminate\\Database\\Connection.php:664, PDOException(code: HY000): SQLSTATE[HY000]: General error: 1005 Can't create table `projectgr1`.`#sql-10c4_1ad` (errno: 150 \"Foreign key constraint is incorrectly formed\") at C:\\Users\\Firo\\Documents\\GitHub\\trainning-laravel\\gr1\\vendor\\laravel\\framework\\src\\Illuminate\\Database\\Connection.php:458)
[stacktrace]
#0 C:\\Users\\Firo\\Documents\\GitHub\\trainning-laravel\\gr1\\vendor\\laravel\\framework\\src\\Illuminate\\Database\\Connection.php(624): Illuminate\\Database\\Connection->runQueryCallback('alter table `jo...', Array, Object(Closure))
#1 C:\\Users\\Firo\\Documents\\GitHub\\trainning-laravel\\gr1\\vendor\\laravel\\framework\\src\\Illuminate\\Database\\Connection.php(459): Illuminate\\Database\\Connection->run('alter table `jo...', Array, Object(Closure))
#2 C:\\Users\\Firo\\Documents\\GitHub\\trainning-laravel\\gr1\\vendor\\laravel\\framework\\src\\Illuminate\\Database\\Schema\\Blueprint.php(97): Illuminate\\Database\\Connection->statement('alter table `jo...')
#3 C:\\Users\\Firo\\Documents\\GitHub\\trainning-laravel\\gr1\\vendor\\laravel\\framework\\src\\Illuminate\\Database\\Schema\\Builder.php(264): Illuminate\\Database\\Schema\\Blueprint->build(Object(Illuminate\\Database\\MySqlConnection), Object(Illuminate\\Database\\Schema\\Grammars\\MySqlGrammar))
#4 C:\\Users\\Firo\\Documents\\GitHub\\trainning-laravel\\gr1\\vendor\\laravel\\framework\\src\\Illuminate\\Database\\Schema\\Builder.php(165): Illuminate\\Database\\Schema\\Builder->build(Object(Illuminate\\Database\\Schema\\Blueprint))
#5 C:\\Users\\Firo\\Documents\\GitHub\\trainning-laravel\\gr1\\vendor\\laravel\\framework\\src\\Illuminate\\Support\\Facades\\Facade.php(237): Illuminate\\Database\\Schema\\Builder->create('jobs', Object(Closure))
#6 C:\\Users\\Firo\\Documents\\GitHub\\trainning-laravel\\gr1\\database\\migrations\\2019_04_17_074108_create_jobs_table.php(33): Illuminate\\Support\\Facades\\Facade::__callStatic('create', Array)
#7 C:\\Users\\Firo\\Documents\\GitHub\\trainning-laravel\\gr1\\vendor\\laravel\\framework\\src\\Illuminate\\Database\\Migrations\\Migrator.php(360): CreateJobsTable->up()
#8 C:\\Users\\Firo\\Documents\\GitHub\\trainning-laravel\\gr1\\vendor\\laravel\\framework\\src\\Illuminate\\Database\\Migrations\\Migrator.php(367): Illuminate\\Database\\Migrations\\Migrator->Illuminate\\Database\\Migrations\\{closure}()
#9 C:\\Users\\Firo\\Documents\\GitHub\\trainning-laravel\\gr1\\vendor\\laravel\\framework\\src\\Illuminate\\Database\\Migrations\\Migrator.php(178): Illuminate\\Database\\Migrations\\Migrator->runMigration(Object(CreateJobsTable), 'up')
#10 C:\\Users\\Firo\\Documents\\GitHub\\trainning-laravel\\gr1\\vendor\\laravel\\framework\\src\\Illuminate\\Database\\Migrations\\Migrator.php(147): Illuminate\\Database\\Migrations\\Migrator->runUp('C:\\\\Users\\\\Firo\\\\D...', 1, false)
#11 C:\\Users\\Firo\\Documents\\GitHub\\trainning-laravel\\gr1\\vendor\\laravel\\framework\\src\\Illuminate\\Database\\Migrations\\Migrator.php(96): Illuminate\\Database\\Migrations\\Migrator->runPending(Array, Array)
#12 C:\\Users\\Firo\\Documents\\GitHub\\trainning-laravel\\gr1\\vendor\\laravel\\framework\\src\\Illuminate\\Database\\Console\\Migrations\\MigrateCommand.php(71): Illuminate\\Database\\Migrations\\Migrator->run(Array, Array)
#13 [internal function]: Illuminate\\Database\\Console\\Migrations\\MigrateCommand->handle()
#14 C:\\Users\\Firo\\Documents\\GitHub\\trainning-laravel\\gr1\\vendor\\laravel\\framework\\src\\Illuminate\\Container\\BoundMethod.php(32): call_user_func_array(Array, Array)
#15 C:\\Users\\Firo\\Documents\\GitHub\\trainning-laravel\\gr1\\vendor\\laravel\\framework\\src\\Illuminate\\Container\\BoundMethod.php(90): Illuminate\\Container\\BoundMethod::Illuminate\\Container\\{closure}()
#16 C:\\Users\\Firo\\Documents\\GitHub\\trainning-laravel\\gr1\\vendor\\laravel\\framework\\src\\Illuminate\\Container\\BoundMethod.php(34): Illuminate\\Container\\BoundMethod::callBoundMethod(Object(Illuminate\\Foundation\\Application), Array, Object(Closure))
#17 C:\\Users\\Firo\\Documents\\GitHub\\trainning-laravel\\gr1\\vendor\\laravel\\framework\\src\\Illuminate\\Container\\Container.php(580): Illuminate\\Container\\BoundMethod::call(Object(Illuminate\\Foundation\\Application), Array, Array, NULL)
#18 C:\\Users\\Firo\\Documents\\GitHub\\trainning-laravel\\gr1\\vendor\\laravel\\framework\\src\\Illuminate\\Console\\Command.php(183): Illuminate\\Container\\Container->call(Array)
#19 C:\\Users\\Firo\\Documents\\GitHub\\trainning-laravel\\gr1\\vendor\\symfony\\console\\Command\\Command.php(255): Illuminate\\Console\\Command->execute(Object(Symfony\\Component\\Console\\Input\\ArgvInput), Object(Illuminate\\Console\\OutputStyle))
#20 C:\\Users\\Firo\\Documents\\GitHub\\trainning-laravel\\gr1\\vendor\\laravel\\framework\\src\\Illuminate\\Console\\Command.php(170): Symfony\\Component\\Console\\Command\\Command->run(Object(Symfony\\Component\\Console\\Input\\ArgvInput), Object(Illuminate\\Console\\OutputStyle))
#21 C:\\Users\\Firo\\Documents\\GitHub\\trainning-laravel\\gr1\\vendor\\symfony\\console\\Application.php(908): Illuminate\\Console\\Command->run(Object(Symfony\\Component\\Console\\Input\\ArgvInput), Object(Symfony\\Component\\Console\\Output\\ConsoleOutput))
#22 C:\\Users\\Firo\\Documents\\GitHub\\trainning-laravel\\gr1\\vendor\\symfony\\console\\Application.php(269): Symfony\\Component\\Console\\Application->doRunCommand(Object(Illuminate\\Database\\Console\\Migrations\\MigrateCommand), Object(Symfony\\Component\\Console\\Input\\ArgvInput), Object(Symfony\\Component\\Console\\Output\\ConsoleOutput))
#23 C:\\Users\\Firo\\Documents\\GitHub\\trainning-laravel\\gr1\\vendor\\symfony\\console\\Application.php(145): Symfony\\Component\\Console\\Application->doRun(Object(Symfony\\Component\\Console\\Input\\ArgvInput), Object(Symfony\\Component\\Console\\Output\\ConsoleOutput))
#24 C:\\Users\\Firo\\Documents\\GitHub\\trainning-laravel\\gr1\\vendor\\laravel\\framework\\src\\Illuminate\\Console\\Application.php(90): Symfony\\Component\\Console\\Application->run(Object(Symfony\\Component\\Console\\Input\\ArgvInput), Object(Symfony\\Component\\Console\\Output\\ConsoleOutput))
#25 C:\\Users\\Firo\\Documents\\GitHub\\trainning-laravel\\gr1\\vendor\\laravel\\framework\\src\\Illuminate\\Foundation\\Console\\Kernel.php(122): Illuminate\\Console\\Application->run(Object(Symfony\\Component\\Console\\Input\\ArgvInput), Object(Symfony\\Component\\Console\\Output\\ConsoleOutput))
#26 C:\\Users\\Firo\\Documents\\GitHub\\trainning-laravel\\gr1\\artisan(37): Illuminate\\Foundation\\Console\\Kernel->handle(Object(Symfony\\Component\\Console\\Input\\ArgvInput), Object(Symfony\\Component\\Console\\Output\\ConsoleOutput))
#27 {main}
"} 
[2019-04-17 10:43:58] local.ERROR: SQLSTATE[HY000]: General error: 1005 Can't create table `projectgr1`.`#sql-10c4_1b7` (errno: 150 "Foreign key constraint is incorrectly formed") (SQL: alter table `jobs` add constraint `jobs_jpcompany_id_foreign` foreign key (`jpcompany_id`) references `jpcompanies` (`jpcompany_id`)) {"exception":"[object] (Illuminate\\Database\\QueryException(code: HY000): SQLSTATE[HY000]: General error: 1005 Can't create table `projectgr1`.`#sql-10c4_1b7` (errno: 150 \"Foreign key constraint is incorrectly formed\") (SQL: alter table `jobs` add constraint `jobs_jpcompany_id_foreign` foreign key (`jpcompany_id`) references `jpcompanies` (`jpcompany_id`)) at C:\\Users\\Firo\\Documents\\GitHub\\trainning-laravel\\gr1\\vendor\\laravel\\framework\\src\\Illuminate\\Database\\Connection.php:664, PDOException(code: HY000): SQLSTATE[HY000]: General error: 1005 Can't create table `projectgr1`.`#sql-10c4_1b7` (errno: 150 \"Foreign key constraint is incorrectly formed\") at C:\\Users\\Firo\\Documents\\GitHub\\trainning-laravel\\gr1\\vendor\\laravel\\framework\\src\\Illuminate\\Database\\Connection.php:458)
[stacktrace]
#0 C:\\Users\\Firo\\Documents\\GitHub\\trainning-laravel\\gr1\\vendor\\laravel\\framework\\src\\Illuminate\\Database\\Connection.php(624): Illuminate\\Database\\Connection->runQueryCallback('alter table `jo...', Array, Object(Closure))
#1 C:\\Users\\Firo\\Documents\\GitHub\\trainning-laravel\\gr1\\vendor\\laravel\\framework\\src\\Illuminate\\Database\\Connection.php(459): Illuminate\\Database\\Connection->run('alter table `jo...', Array, Object(Closure))
#2 C:\\Users\\Firo\\Documents\\GitHub\\trainning-laravel\\gr1\\vendor\\laravel\\framework\\src\\Illuminate\\Database\\Schema\\Blueprint.php(97): Illuminate\\Database\\Connection->statement('alter table `jo...')
#3 C:\\Users\\Firo\\Documents\\GitHub\\trainning-laravel\\gr1\\vendor\\laravel\\framework\\src\\Illuminate\\Database\\Schema\\Builder.php(264): Illuminate\\Database\\Schema\\Blueprint->build(Object(Illuminate\\Database\\MySqlConnection), Object(Illuminate\\Database\\Schema\\Grammars\\MySqlGrammar))
#4 C:\\Users\\Firo\\Documents\\GitHub\\trainning-laravel\\gr1\\vendor\\laravel\\framework\\src\\Illuminate\\Database\\Schema\\Builder.php(165): Illuminate\\Database\\Schema\\Builder->build(Object(Illuminate\\Database\\Schema\\Blueprint))
#5 C:\\Users\\Firo\\Documents\\GitHub\\trainning-laravel\\gr1\\vendor\\laravel\\framework\\src\\Illuminate\\Support\\Facades\\Facade.php(237): Illuminate\\Database\\Schema\\Builder->create('jobs', Object(Closure))
#6 C:\\Users\\Firo\\Documents\\GitHub\\trainning-laravel\\gr1\\database\\migrations\\2019_04_17_074108_create_jobs_table.php(33): Illuminate\\Support\\Facades\\Facade::__callStatic('create', Array)
#7 C:\\Users\\Firo\\Documents\\GitHub\\trainning-laravel\\gr1\\vendor\\laravel\\framework\\src\\Illuminate\\Database\\Migrations\\Migrator.php(360): CreateJobsTable->up()
#8 C:\\Users\\Firo\\Documents\\GitHub\\trainning-laravel\\gr1\\vendor\\laravel\\framework\\src\\Illuminate\\Database\\Migrations\\Migrator.php(367): Illuminate\\Database\\Migrations\\Migrator->Illuminate\\Database\\Migrations\\{closure}()
#9 C:\\Users\\Firo\\Documents\\GitHub\\trainning-laravel\\gr1\\vendor\\laravel\\framework\\src\\Illuminate\\Database\\Migrations\\Migrator.php(178): Illuminate\\Database\\Migrations\\Migrator->runMigration(Object(CreateJobsTable), 'up')
#10 C:\\Users\\Firo\\Documents\\GitHub\\trainning-laravel\\gr1\\vendor\\laravel\\framework\\src\\Illuminate\\Database\\Migrations\\Migrator.php(147): Illuminate\\Database\\Migrations\\Migrator->runUp('C:\\\\Users\\\\Firo\\\\D...', 1, false)
#11 C:\\Users\\Firo\\Documents\\GitHub\\trainning-laravel\\gr1\\vendor\\laravel\\framework\\src\\Illuminate\\Database\\Migrations\\Migrator.php(96): Illuminate\\Database\\Migrations\\Migrator->runPending(Array, Array)
#12 C:\\Users\\Firo\\Documents\\GitHub\\trainning-laravel\\gr1\\vendor\\laravel\\framework\\src\\Illuminate\\Database\\Console\\Migrations\\MigrateCommand.php(71): Illuminate\\Database\\Migrations\\Migrator->run(Array, Array)
#13 [internal function]: Illuminate\\Database\\Console\\Migrations\\MigrateCommand->handle()
#14 C:\\Users\\Firo\\Documents\\GitHub\\trainning-laravel\\gr1\\vendor\\laravel\\framework\\src\\Illuminate\\Container\\BoundMethod.php(32): call_user_func_array(Array, Array)
#15 C:\\Users\\Firo\\Documents\\GitHub\\trainning-laravel\\gr1\\vendor\\laravel\\framework\\src\\Illuminate\\Container\\BoundMethod.php(90): Illuminate\\Container\\BoundMethod::Illuminate\\Container\\{closure}()
#16 C:\\Users\\Firo\\Documents\\GitHub\\trainning-laravel\\gr1\\vendor\\laravel\\framework\\src\\Illuminate\\Container\\BoundMethod.php(34): Illuminate\\Container\\BoundMethod::callBoundMethod(Object(Illuminate\\Foundation\\Application), Array, Object(Closure))
#17 C:\\Users\\Firo\\Documents\\GitHub\\trainning-laravel\\gr1\\vendor\\laravel\\framework\\src\\Illuminate\\Container\\Container.php(580): Illuminate\\Container\\BoundMethod::call(Object(Illuminate\\Foundation\\Application), Array, Array, NULL)
#18 C:\\Users\\Firo\\Documents\\GitHub\\trainning-laravel\\gr1\\vendor\\laravel\\framework\\src\\Illuminate\\Console\\Command.php(183): Illuminate\\Container\\Container->call(Array)
#19 C:\\Users\\Firo\\Documents\\GitHub\\trainning-laravel\\gr1\\vendor\\symfony\\console\\Command\\Command.php(255): Illuminate\\Console\\Command->execute(Object(Symfony\\Component\\Console\\Input\\ArgvInput), Object(Illuminate\\Console\\OutputStyle))
#20 C:\\Users\\Firo\\Documents\\GitHub\\trainning-laravel\\gr1\\vendor\\laravel\\framework\\src\\Illuminate\\Console\\Command.php(170): Symfony\\Component\\Console\\Command\\Command->run(Object(Symfony\\Component\\Console\\Input\\ArgvInput), Object(Illuminate\\Console\\OutputStyle))
#21 C:\\Users\\Firo\\Documents\\GitHub\\trainning-laravel\\gr1\\vendor\\symfony\\console\\Application.php(908): Illuminate\\Console\\Command->run(Object(Symfony\\Component\\Console\\Input\\ArgvInput), Object(Symfony\\Component\\Console\\Output\\ConsoleOutput))
#22 C:\\Users\\Firo\\Documents\\GitHub\\trainning-laravel\\gr1\\vendor\\symfony\\console\\Application.php(269): Symfony\\Component\\Console\\Application->doRunCommand(Object(Illuminate\\Database\\Console\\Migrations\\MigrateCommand), Object(Symfony\\Component\\Console\\Input\\ArgvInput), Object(Symfony\\Component\\Console\\Output\\ConsoleOutput))
#23 C:\\Users\\Firo\\Documents\\GitHub\\trainning-laravel\\gr1\\vendor\\symfony\\console\\Application.php(145): Symfony\\Component\\Console\\Application->doRun(Object(Symfony\\Component\\Console\\Input\\ArgvInput), Object(Symfony\\Component\\Console\\Output\\ConsoleOutput))
#24 C:\\Users\\Firo\\Documents\\GitHub\\trainning-laravel\\gr1\\vendor\\laravel\\framework\\src\\Illuminate\\Console\\Application.php(90): Symfony\\Component\\Console\\Application->run(Object(Symfony\\Component\\Console\\Input\\ArgvInput), Object(Symfony\\Component\\Console\\Output\\ConsoleOutput))
#25 C:\\Users\\Firo\\Documents\\GitHub\\trainning-laravel\\gr1\\vendor\\laravel\\framework\\src\\Illuminate\\Foundation\\Console\\Kernel.php(122): Illuminate\\Console\\Application->run(Object(Symfony\\Component\\Console\\Input\\ArgvInput), Object(Symfony\\Component\\Console\\Output\\ConsoleOutput))
#26 C:\\Users\\Firo\\Documents\\GitHub\\trainning-laravel\\gr1\\artisan(37): Illuminate\\Foundation\\Console\\Kernel->handle(Object(Symfony\\Component\\Console\\Input\\ArgvInput), Object(Symfony\\Component\\Console\\Output\\ConsoleOutput))
#27 {main}
"} 
