[2019-04-21 09:21:11] local.ERROR: Class CdsTableSeeder does not exist {"exception":"[object] (ReflectionException(code: -1): Class CdsTableSeeder does not exist at C:\\Users\\Firo\\Documents\\GitHub\\trainning-laravel\\gr1\\vendor\\laravel\\framework\\src\\Illuminate\\Container\\Container.php:794)
[stacktrace]
#0 C:\\Users\\Firo\\Documents\\GitHub\\trainning-laravel\\gr1\\vendor\\laravel\\framework\\src\\Illuminate\\Container\\Container.php(794): ReflectionClass->__construct('CdsTableSeeder')
#1 C:\\Users\\Firo\\Documents\\GitHub\\trainning-laravel\\gr1\\vendor\\laravel\\framework\\src\\Illuminate\\Container\\Container.php(671): Illuminate\\Container\\Container->build('CdsTableSeeder')
#2 C:\\Users\\Firo\\Documents\\GitHub\\trainning-laravel\\gr1\\vendor\\laravel\\framework\\src\\Illuminate\\Container\\Container.php(619): Illuminate\\Container\\Container->resolve('CdsTableSeeder', Array)
#3 C:\\Users\\Firo\\Documents\\GitHub\\trainning-laravel\\gr1\\vendor\\laravel\\framework\\src\\Illuminate\\Foundation\\Application.php(757): Illuminate\\Container\\Container->make('CdsTableSeeder', Array)
#4 C:\\Users\\Firo\\Documents\\GitHub\\trainning-laravel\\gr1\\vendor\\laravel\\framework\\src\\Illuminate\\Database\\Console\\Seeds\\SeedCommand.php(76): Illuminate\\Foundation\\Application->make('CdsTableSeeder')
#5 C:\\Users\\Firo\\Documents\\GitHub\\trainning-laravel\\gr1\\vendor\\laravel\\framework\\src\\Illuminate\\Database\\Console\\Seeds\\SeedCommand.php(63): Illuminate\\Database\\Console\\Seeds\\SeedCommand->getSeeder()
#6 C:\\Users\\Firo\\Documents\\GitHub\\trainning-laravel\\gr1\\vendor\\laravel\\framework\\src\\Illuminate\\Database\\Eloquent\\Concerns\\GuardsAttributes.php(122): Illuminate\\Database\\Console\\Seeds\\SeedCommand->Illuminate\\Database\\Console\\Seeds\\{closure}()
#7 C:\\Users\\Firo\\Documents\\GitHub\\trainning-laravel\\gr1\\vendor\\laravel\\framework\\src\\Illuminate\\Database\\Console\\Seeds\\SeedCommand.php(64): Illuminate\\Database\\Eloquent\\Model::unguarded(Object(Closure))
#8 [internal function]: Illuminate\\Database\\Console\\Seeds\\SeedCommand->handle()
#9 C:\\Users\\Firo\\Documents\\GitHub\\trainning-laravel\\gr1\\vendor\\laravel\\framework\\src\\Illuminate\\Container\\BoundMethod.php(32): call_user_func_array(Array, Array)
#10 C:\\Users\\Firo\\Documents\\GitHub\\trainning-laravel\\gr1\\vendor\\laravel\\framework\\src\\Illuminate\\Container\\BoundMethod.php(90): Illuminate\\Container\\BoundMethod::Illuminate\\Container\\{closure}()
#11 C:\\Users\\Firo\\Documents\\GitHub\\trainning-laravel\\gr1\\vendor\\laravel\\framework\\src\\Illuminate\\Container\\BoundMethod.php(34): Illuminate\\Container\\BoundMethod::callBoundMethod(Object(Illuminate\\Foundation\\Application), Array, Object(Closure))
#12 C:\\Users\\Firo\\Documents\\GitHub\\trainning-laravel\\gr1\\vendor\\laravel\\framework\\src\\Illuminate\\Container\\Container.php(580): Illuminate\\Container\\BoundMethod::call(Object(Illuminate\\Foundation\\Application), Array, Array, NULL)
#13 C:\\Users\\Firo\\Documents\\GitHub\\trainning-laravel\\gr1\\vendor\\laravel\\framework\\src\\Illuminate\\Console\\Command.php(183): Illuminate\\Container\\Container->call(Array)
#14 C:\\Users\\Firo\\Documents\\GitHub\\trainning-laravel\\gr1\\vendor\\symfony\\console\\Command\\Command.php(255): Illuminate\\Console\\Command->execute(Object(Symfony\\Component\\Console\\Input\\ArgvInput), Object(Illuminate\\Console\\OutputStyle))
#15 C:\\Users\\Firo\\Documents\\GitHub\\trainning-laravel\\gr1\\vendor\\laravel\\framework\\src\\Illuminate\\Console\\Command.php(170): Symfony\\Component\\Console\\Command\\Command->run(Object(Symfony\\Component\\Console\\Input\\ArgvInput), Object(Illuminate\\Console\\OutputStyle))
#16 C:\\Users\\Firo\\Documents\\GitHub\\trainning-laravel\\gr1\\vendor\\symfony\\console\\Application.php(908): Illuminate\\Console\\Command->run(Object(Symfony\\Component\\Console\\Input\\ArgvInput), Object(Symfony\\Component\\Console\\Output\\ConsoleOutput))
#17 C:\\Users\\Firo\\Documents\\GitHub\\trainning-laravel\\gr1\\vendor\\symfony\\console\\Application.php(269): Symfony\\Component\\Console\\Application->doRunCommand(Object(Illuminate\\Database\\Console\\Seeds\\SeedCommand), Object(Symfony\\Component\\Console\\Input\\ArgvInput), Object(Symfony\\Component\\Console\\Output\\ConsoleOutput))
#18 C:\\Users\\Firo\\Documents\\GitHub\\trainning-laravel\\gr1\\vendor\\symfony\\console\\Application.php(145): Symfony\\Component\\Console\\Application->doRun(Object(Symfony\\Component\\Console\\Input\\ArgvInput), Object(Symfony\\Component\\Console\\Output\\ConsoleOutput))
#19 C:\\Users\\Firo\\Documents\\GitHub\\trainning-laravel\\gr1\\vendor\\laravel\\framework\\src\\Illuminate\\Console\\Application.php(90): Symfony\\Component\\Console\\Application->run(Object(Symfony\\Component\\Console\\Input\\ArgvInput), Object(Symfony\\Component\\Console\\Output\\ConsoleOutput))
#20 C:\\Users\\Firo\\Documents\\GitHub\\trainning-laravel\\gr1\\vendor\\laravel\\framework\\src\\Illuminate\\Foundation\\Console\\Kernel.php(122): Illuminate\\Console\\Application->run(Object(Symfony\\Component\\Console\\Input\\ArgvInput), Object(Symfony\\Component\\Console\\Output\\ConsoleOutput))
#21 C:\\Users\\Firo\\Documents\\GitHub\\trainning-laravel\\gr1\\artisan(37): Illuminate\\Foundation\\Console\\Kernel->handle(Object(Symfony\\Component\\Console\\Input\\ArgvInput), Object(Symfony\\Component\\Console\\Output\\ConsoleOutput))
#22 {main}
"} 
[2019-04-21 09:28:18] local.ERROR: SQLSTATE[22001]: String data, right truncated: 1406 Data too long for column 'password' at row 1 (SQL: insert into `cds` (`cd_username`, `password`, `jlpt`, `name`, `phonenb`, `emailofcd`, `created_at`, `dateofbirth`, `updated_at`) values (Dr. Mark Marvin Jr., $2y$10$TKh8H1.PfQx37YgCzwiKb.KjNyWgaHb9cbcoQgdIVFlYg7B77UdFm, Nicole Stamm, Mrs. Madilyn Upton MD, +1.776.872.4192, ekulas@example.net, 2019-04-21 09:28:18, 2019-04-21 09:28:18, 2019-04-21 09:28:18)) {"exception":"[object] (Illuminate\\Database\\QueryException(code: 22001): SQLSTATE[22001]: String data, right truncated: 1406 Data too long for column 'password' at row 1 (SQL: insert into `cds` (`cd_username`, `password`, `jlpt`, `name`, `phonenb`, `emailofcd`, `created_at`, `dateofbirth`, `updated_at`) values (Dr. Mark Marvin Jr., $2y$10$TKh8H1.PfQx37YgCzwiKb.KjNyWgaHb9cbcoQgdIVFlYg7B77UdFm, Nicole Stamm, Mrs. Madilyn Upton MD, +1.776.872.4192, ekulas@example.net, 2019-04-21 09:28:18, 2019-04-21 09:28:18, 2019-04-21 09:28:18)) at C:\\Users\\Firo\\Documents\\GitHub\\trainning-laravel\\gr1\\vendor\\laravel\\framework\\src\\Illuminate\\Database\\Connection.php:664, PDOException(code: 22001): SQLSTATE[22001]: String data, right truncated: 1406 Data too long for column 'password' at row 1 at C:\\Users\\Firo\\Documents\\GitHub\\trainning-laravel\\gr1\\vendor\\laravel\\framework\\src\\Illuminate\\Database\\Connection.php:458)
[stacktrace]
#0 C:\\Users\\Firo\\Documents\\GitHub\\trainning-laravel\\gr1\\vendor\\laravel\\framework\\src\\Illuminate\\Database\\Connection.php(624): Illuminate\\Database\\Connection->runQueryCallback('insert into `cd...', Array, Object(Closure))
#1 C:\\Users\\Firo\\Documents\\GitHub\\trainning-laravel\\gr1\\vendor\\laravel\\framework\\src\\Illuminate\\Database\\Connection.php(459): Illuminate\\Database\\Connection->run('insert into `cd...', Array, Object(Closure))
#2 C:\\Users\\Firo\\Documents\\GitHub\\trainning-laravel\\gr1\\vendor\\laravel\\framework\\src\\Illuminate\\Database\\Connection.php(411): Illuminate\\Database\\Connection->statement('insert into `cd...', Array)
#3 C:\\Users\\Firo\\Documents\\GitHub\\trainning-laravel\\gr1\\vendor\\laravel\\framework\\src\\Illuminate\\Database\\Query\\Builder.php(2636): Illuminate\\Database\\Connection->insert('insert into `cd...', Array)
#4 C:\\Users\\Firo\\Documents\\GitHub\\trainning-laravel\\gr1\\database\\seeds\\CdsTableSeeder.php(28): Illuminate\\Database\\Query\\Builder->insert(Array)
#5 [internal function]: CdsTableSeeder->run()
#6 C:\\Users\\Firo\\Documents\\GitHub\\trainning-laravel\\gr1\\vendor\\laravel\\framework\\src\\Illuminate\\Container\\BoundMethod.php(32): call_user_func_array(Array, Array)
#7 C:\\Users\\Firo\\Documents\\GitHub\\trainning-laravel\\gr1\\vendor\\laravel\\framework\\src\\Illuminate\\Container\\BoundMethod.php(90): Illuminate\\Container\\BoundMethod::Illuminate\\Container\\{closure}()
#8 C:\\Users\\Firo\\Documents\\GitHub\\trainning-laravel\\gr1\\vendor\\laravel\\framework\\src\\Illuminate\\Container\\BoundMethod.php(34): Illuminate\\Container\\BoundMethod::callBoundMethod(Object(Illuminate\\Foundation\\Application), Array, Object(Closure))
#9 C:\\Users\\Firo\\Documents\\GitHub\\trainning-laravel\\gr1\\vendor\\laravel\\framework\\src\\Illuminate\\Container\\Container.php(580): Illuminate\\Container\\BoundMethod::call(Object(Illuminate\\Foundation\\Application), Array, Array, NULL)
#10 C:\\Users\\Firo\\Documents\\GitHub\\trainning-laravel\\gr1\\vendor\\laravel\\framework\\src\\Illuminate\\Database\\Seeder.php(122): Illuminate\\Container\\Container->call(Array)
#11 C:\\Users\\Firo\\Documents\\GitHub\\trainning-laravel\\gr1\\vendor\\laravel\\framework\\src\\Illuminate\\Database\\Console\\Seeds\\SeedCommand.php(63): Illuminate\\Database\\Seeder->__invoke()
#12 C:\\Users\\Firo\\Documents\\GitHub\\trainning-laravel\\gr1\\vendor\\laravel\\framework\\src\\Illuminate\\Database\\Eloquent\\Concerns\\GuardsAttributes.php(122): Illuminate\\Database\\Console\\Seeds\\SeedCommand->Illuminate\\Database\\Console\\Seeds\\{closure}()
#13 C:\\Users\\Firo\\Documents\\GitHub\\trainning-laravel\\gr1\\vendor\\laravel\\framework\\src\\Illuminate\\Database\\Console\\Seeds\\SeedCommand.php(64): Illuminate\\Database\\Eloquent\\Model::unguarded(Object(Closure))
#14 [internal function]: Illuminate\\Database\\Console\\Seeds\\SeedCommand->handle()
#15 C:\\Users\\Firo\\Documents\\GitHub\\trainning-laravel\\gr1\\vendor\\laravel\\framework\\src\\Illuminate\\Container\\BoundMethod.php(32): call_user_func_array(Array, Array)
#16 C:\\Users\\Firo\\Documents\\GitHub\\trainning-laravel\\gr1\\vendor\\laravel\\framework\\src\\Illuminate\\Container\\BoundMethod.php(90): Illuminate\\Container\\BoundMethod::Illuminate\\Container\\{closure}()
#17 C:\\Users\\Firo\\Documents\\GitHub\\trainning-laravel\\gr1\\vendor\\laravel\\framework\\src\\Illuminate\\Container\\BoundMethod.php(34): Illuminate\\Container\\BoundMethod::callBoundMethod(Object(Illuminate\\Foundation\\Application), Array, Object(Closure))
#18 C:\\Users\\Firo\\Documents\\GitHub\\trainning-laravel\\gr1\\vendor\\laravel\\framework\\src\\Illuminate\\Container\\Container.php(580): Illuminate\\Container\\BoundMethod::call(Object(Illuminate\\Foundation\\Application), Array, Array, NULL)
#19 C:\\Users\\Firo\\Documents\\GitHub\\trainning-laravel\\gr1\\vendor\\laravel\\framework\\src\\Illuminate\\Console\\Command.php(183): Illuminate\\Container\\Container->call(Array)
#20 C:\\Users\\Firo\\Documents\\GitHub\\trainning-laravel\\gr1\\vendor\\symfony\\console\\Command\\Command.php(255): Illuminate\\Console\\Command->execute(Object(Symfony\\Component\\Console\\Input\\ArgvInput), Object(Illuminate\\Console\\OutputStyle))
#21 C:\\Users\\Firo\\Documents\\GitHub\\trainning-laravel\\gr1\\vendor\\laravel\\framework\\src\\Illuminate\\Console\\Command.php(170): Symfony\\Component\\Console\\Command\\Command->run(Object(Symfony\\Component\\Console\\Input\\ArgvInput), Object(Illuminate\\Console\\OutputStyle))
#22 C:\\Users\\Firo\\Documents\\GitHub\\trainning-laravel\\gr1\\vendor\\symfony\\console\\Application.php(908): Illuminate\\Console\\Command->run(Object(Symfony\\Component\\Console\\Input\\ArgvInput), Object(Symfony\\Component\\Console\\Output\\ConsoleOutput))
#23 C:\\Users\\Firo\\Documents\\GitHub\\trainning-laravel\\gr1\\vendor\\symfony\\console\\Application.php(269): Symfony\\Component\\Console\\Application->doRunCommand(Object(Illuminate\\Database\\Console\\Seeds\\SeedCommand), Object(Symfony\\Component\\Console\\Input\\ArgvInput), Object(Symfony\\Component\\Console\\Output\\ConsoleOutput))
#24 C:\\Users\\Firo\\Documents\\GitHub\\trainning-laravel\\gr1\\vendor\\symfony\\console\\Application.php(145): Symfony\\Component\\Console\\Application->doRun(Object(Symfony\\Component\\Console\\Input\\ArgvInput), Object(Symfony\\Component\\Console\\Output\\ConsoleOutput))
#25 C:\\Users\\Firo\\Documents\\GitHub\\trainning-laravel\\gr1\\vendor\\laravel\\framework\\src\\Illuminate\\Console\\Application.php(90): Symfony\\Component\\Console\\Application->run(Object(Symfony\\Component\\Console\\Input\\ArgvInput), Object(Symfony\\Component\\Console\\Output\\ConsoleOutput))
#26 C:\\Users\\Firo\\Documents\\GitHub\\trainning-laravel\\gr1\\vendor\\laravel\\framework\\src\\Illuminate\\Foundation\\Console\\Kernel.php(122): Illuminate\\Console\\Application->run(Object(Symfony\\Component\\Console\\Input\\ArgvInput), Object(Symfony\\Component\\Console\\Output\\ConsoleOutput))
#27 C:\\Users\\Firo\\Documents\\GitHub\\trainning-laravel\\gr1\\artisan(37): Illuminate\\Foundation\\Console\\Kernel->handle(Object(Symfony\\Component\\Console\\Input\\ArgvInput), Object(Symfony\\Component\\Console\\Output\\ConsoleOutput))
#28 {main}
"} 
